2022-02-11 16:45:55,281:INFO:PyCaret Supervised Module
2022-02-11 16:45:55,281:INFO:ML Usecase: regression
2022-02-11 16:45:55,281:INFO:version 2.3.6
2022-02-11 16:45:55,281:INFO:Initializing setup()
2022-02-11 16:45:55,282:INFO:setup(target=Price, ml_usecase=regression, available_plots={'parameter': 'Hyperparameters', 'residuals': 'Residuals', 'error': 'Prediction Error', 'cooks': 'Cooks Distance', 'rfe': 'Feature Selection', 'learning': 'Learning Curve', 'manifold': 'Manifold Learning', 'vc': 'Validation Curve', 'feature': 'Feature Importance', 'feature_all': 'Feature Importance (All)', 'tree': 'Decision Tree', 'residuals_interactive': 'Interactive Residuals'}, train_size=0.7, test_data=None, preprocess=True, imputation_type=simple, iterative_imputation_iters=5, categorical_features=None, categorical_imputation=constant, categorical_iterative_imputer=lightgbm, ordinal_features=None, high_cardinality_features=None, high_cardinality_method=frequency, numeric_features=None, numeric_imputation=mean, numeric_iterative_imputer=lightgbm, date_features=None, ignore_features=None, normalize=False, normalize_method=zscore, transformation=False, transformation_method=yeo-johnson, handle_unknown_categorical=True, unknown_categorical_method=least_frequent, pca=False, pca_method=linear, pca_components=None, ignore_low_variance=False, combine_rare_levels=False, rare_level_threshold=0.1, bin_numeric_features=None, remove_outliers=False, outliers_threshold=0.05, remove_multicollinearity=False, multicollinearity_threshold=0.9, remove_perfect_collinearity=True, create_clusters=False, cluster_iter=20, polynomial_features=False, polynomial_degree=2, trigonometry_features=False, polynomial_threshold=0.1, group_features=None, group_names=None, feature_selection=False, feature_selection_threshold=0.8, feature_selection_method=classic, feature_interaction=False, feature_ratio=False, interaction_threshold=0.01, fix_imbalance=False, fix_imbalance_method=None, transform_target=True, transform_target_method=box-cox, data_split_shuffle=True, data_split_stratify=False, fold_strategy=kfold, fold=10, fold_shuffle=False, fold_groups=None, n_jobs=-1, use_gpu=False, custom_pipeline=None, html=True, session_id=None, log_experiment=True, experiment_name=diamond, log_plots=False, log_profile=False, log_data=False, silent=False, verbose=True, profile=False, profile_kwargs=None, display=None)
2022-02-11 16:45:55,282:INFO:Checking environment
2022-02-11 16:45:55,282:INFO:python_version: 3.7.11
2022-02-11 16:45:55,282:INFO:python_build: ('default', 'Jul 27 2021 09:42:29')
2022-02-11 16:45:55,282:INFO:machine: AMD64
2022-02-11 16:45:55,282:INFO:platform: Windows-10-10.0.19041-SP0
2022-02-11 16:45:55,284:WARNING:cannot find psutil installation. memory not traceable. Install psutil using pip to enable memory logging.
2022-02-11 16:45:55,285:INFO:Checking libraries
2022-02-11 16:45:55,285:INFO:pd==1.3.5
2022-02-11 16:45:55,285:INFO:numpy==1.19.5
2022-02-11 16:45:55,285:INFO:sklearn==0.23.2
2022-02-11 16:45:55,285:INFO:lightgbm==3.3.2
2022-02-11 16:45:55,287:WARNING:catboost not found
2022-02-11 16:45:55,288:WARNING:xgboost not found
2022-02-11 16:45:56,480:INFO:mlflow==1.23.1
2022-02-11 16:45:56,481:INFO:Checking Exceptions
2022-02-11 16:45:56,481:INFO:Declaring global variables
2022-02-11 16:45:56,481:INFO:USI: 7f5f
2022-02-11 16:45:56,481:INFO:pycaret_globals: {'log_plots_param', 'seed', 'display_container', 'logging_param', 'gpu_param', 'master_model_container', 'fold_param', 'X_train', 'transform_target_method_param', 'fold_generator', 'fold_groups_param_full', 'X', 'n_jobs_param', 'transform_target_param', '_available_plots', 'data_before_preprocess', 'imputation_regressor', 'create_model_container', 'X_test', '_internal_pipeline', 'target_param', 'y', 'iterative_imputation_iters_param', 'prep_pipe', '_gpu_n_jobs_param', '_all_models', 'exp_name_log', 'y_train', 'fix_imbalance_param', 'experiment__', 'stratify_param', '_all_models_internal', 'y_test', 'fold_groups_param', 'USI', '_all_metrics', '_ml_usecase', 'fold_shuffle_param', 'pycaret_globals', 'html_param', 'imputation_classifier', 'fix_imbalance_method_param'}
2022-02-11 16:45:56,481:INFO:Preparing display monitor
2022-02-11 16:45:56,482:INFO:Preparing display monitor
2022-02-11 16:45:56,503:INFO:Importing libraries
2022-02-11 16:45:56,503:INFO:Copying data for preprocessing
2022-02-11 16:45:56,521:INFO:Declaring preprocessing parameters
2022-02-11 16:45:56,524:INFO:Creating preprocessing pipeline
2022-02-11 16:45:56,552:INFO:Preprocessing pipeline created successfully
2022-02-11 16:45:56,554:ERROR:(Process Exit): setup has been interupted with user command 'quit'. setup must rerun.
2022-02-11 16:45:56,555:INFO:Creating global containers
2022-02-11 16:45:56,563:INFO:Internal pipeline: Pipeline(memory=None, steps=[('empty_step', 'passthrough')], verbose=False)
2022-02-11 16:49:55,005:WARNING:Couldn't import xgboost.XGBRegressor
2022-02-11 16:49:55,007:WARNING:Couldn't import catboost.CatBoostRegressor
2022-02-11 16:49:55,268:WARNING:Couldn't import xgboost.XGBRegressor
2022-02-11 16:49:55,270:WARNING:Couldn't import catboost.CatBoostRegressor
2022-02-11 16:49:55,271:INFO:Creating grid variables
2022-02-11 16:49:55,298:INFO:Logging experiment in MLFlow
2022-02-11 16:49:55,960:INFO:SubProcess save_model() called ==================================
2022-02-11 16:49:55,978:INFO:Initializing save_model()
2022-02-11 16:49:55,979:INFO:save_model(model=Pipeline(memory=None,
         steps=[('dtypes',
                 DataTypes_Auto_infer(categorical_features=[],
                                      display_types=True, features_todrop=[],
                                      id_columns=[], ml_usecase='regression',
                                      numerical_features=[], target='Price',
                                      time_features=[])),
                ('imputer',
                 Simple_Imputer(categorical_strategy='not_available',
                                fill_value_categorical=None,
                                fill_value_numerical=None,
                                numeric_strategy='...
                ('scaling', 'passthrough'), ('P_transform', 'passthrough'),
                ('binn', 'passthrough'), ('rem_outliers', 'passthrough'),
                ('cluster_all', 'passthrough'),
                ('dummy', Dummify(target='Price')),
                ('fix_perfect', Remove_100(target='Price')),
                ('clean_names', Clean_Colum_Names()),
                ('feature_select', 'passthrough'), ('fix_multi', 'passthrough'),
                ('dfs', 'passthrough'), ('pca', 'passthrough')],
         verbose=False), model_name=Transformation Pipeline, prep_pipe_=Pipeline(memory=None,
         steps=[('dtypes',
                 DataTypes_Auto_infer(categorical_features=[],
                                      display_types=True, features_todrop=[],
                                      id_columns=[], ml_usecase='regression',
                                      numerical_features=[], target='Price',
                                      time_features=[])),
                ('imputer',
                 Simple_Imputer(categorical_strategy='not_available',
                                fill_value_categorical=None,
                                fill_value_numerical=None,
                                numeric_strategy='...
                ('scaling', 'passthrough'), ('P_transform', 'passthrough'),
                ('binn', 'passthrough'), ('rem_outliers', 'passthrough'),
                ('cluster_all', 'passthrough'),
                ('dummy', Dummify(target='Price')),
                ('fix_perfect', Remove_100(target='Price')),
                ('clean_names', Clean_Colum_Names()),
                ('feature_select', 'passthrough'), ('fix_multi', 'passthrough'),
                ('dfs', 'passthrough'), ('pca', 'passthrough')],
         verbose=False), verbose=False, kwargs={})
2022-02-11 16:49:55,979:INFO:Adding model into prep_pipe
2022-02-11 16:49:55,980:WARNING:Only Model saved as it was a pipeline.
2022-02-11 16:49:55,994:INFO:Transformation Pipeline.pkl saved in current working directory
2022-02-11 16:49:56,002:INFO:Pipeline(memory=None,
         steps=[('dtypes',
                 DataTypes_Auto_infer(categorical_features=[],
                                      display_types=True, features_todrop=[],
                                      id_columns=[], ml_usecase='regression',
                                      numerical_features=[], target='Price',
                                      time_features=[])),
                ('imputer',
                 Simple_Imputer(categorical_strategy='not_available',
                                fill_value_categorical=None,
                                fill_value_numerical=None,
                                numeric_strategy='...
                ('scaling', 'passthrough'), ('P_transform', 'passthrough'),
                ('binn', 'passthrough'), ('rem_outliers', 'passthrough'),
                ('cluster_all', 'passthrough'),
                ('dummy', Dummify(target='Price')),
                ('fix_perfect', Remove_100(target='Price')),
                ('clean_names', Clean_Colum_Names()),
                ('feature_select', 'passthrough'), ('fix_multi', 'passthrough'),
                ('dfs', 'passthrough'), ('pca', 'passthrough')],
         verbose=False)
2022-02-11 16:49:56,002:INFO:save_model() successfully completed......................................
2022-02-11 16:49:56,112:INFO:SubProcess save_model() end ==================================
2022-02-11 16:49:56,142:INFO:create_model_container: 0
2022-02-11 16:49:56,143:INFO:master_model_container: 0
2022-02-11 16:49:56,143:INFO:display_container: 1
2022-02-11 16:49:56,150:INFO:Pipeline(memory=None,
         steps=[('dtypes',
                 DataTypes_Auto_infer(categorical_features=[],
                                      display_types=True, features_todrop=[],
                                      id_columns=[], ml_usecase='regression',
                                      numerical_features=[], target='Price',
                                      time_features=[])),
                ('imputer',
                 Simple_Imputer(categorical_strategy='not_available',
                                fill_value_categorical=None,
                                fill_value_numerical=None,
                                numeric_strategy='...
                ('scaling', 'passthrough'), ('P_transform', 'passthrough'),
                ('binn', 'passthrough'), ('rem_outliers', 'passthrough'),
                ('cluster_all', 'passthrough'),
                ('dummy', Dummify(target='Price')),
                ('fix_perfect', Remove_100(target='Price')),
                ('clean_names', Clean_Colum_Names()),
                ('feature_select', 'passthrough'), ('fix_multi', 'passthrough'),
                ('dfs', 'passthrough'), ('pca', 'passthrough')],
         verbose=False)
2022-02-11 16:49:56,150:INFO:setup() succesfully completed......................................
2022-02-11 16:51:47,281:INFO:Initializing compare_models()
2022-02-11 16:51:47,282:INFO:compare_models(include=None, fold=None, round=4, cross_validation=True, sort=R2, n_select=1, budget_time=None, turbo=True, errors=ignore, fit_kwargs=None, groups=None, probability_threshold=None, verbose=True, display=None, exclude=None)
2022-02-11 16:51:47,282:INFO:Checking exceptions
2022-02-11 16:51:47,282:INFO:Preparing display monitor
2022-02-11 16:51:47,283:INFO:Preparing display monitor
2022-02-11 16:51:47,335:INFO:Initializing Linear Regression
2022-02-11 16:51:47,336:INFO:Total runtime is 1.6661485036214194e-05 minutes
2022-02-11 16:51:47,357:INFO:SubProcess create_model() called ==================================
2022-02-11 16:51:47,358:INFO:Initializing create_model()
2022-02-11 16:51:47,359:INFO:create_model(estimator=lr, fold=KFold(n_splits=10, random_state=None, shuffle=False), round=4, cross_validation=True, predict=True, fit_kwargs={}, groups=None, refit=False, verbose=False, system=False, metrics=None, add_to_model_list=True, probability_threshold=None, display=<pycaret.internal.Display.Display object at 0x000001ED0D71E848>, kwargs={})
2022-02-11 16:51:47,359:INFO:Checking exceptions
2022-02-11 16:51:47,359:INFO:Importing libraries
2022-02-11 16:51:47,359:INFO:Copying training dataset
2022-02-11 16:51:47,361:INFO:Defining folds
2022-02-11 16:51:47,361:INFO:Declaring metric variables
2022-02-11 16:51:47,377:INFO:Importing untrained model
2022-02-11 16:51:47,392:INFO:Linear Regression Imported succesfully
2022-02-11 16:51:47,423:INFO:Starting cross validation
2022-02-11 16:51:47,445:INFO:Cross validating with KFold(n_splits=10, random_state=None, shuffle=False), n_jobs=-1
2022-02-11 16:51:57,816:INFO:Calculating mean and std
2022-02-11 16:51:57,818:INFO:Creating metrics dataframe
2022-02-11 16:51:57,828:INFO:Uploading results into container
2022-02-11 16:51:57,828:INFO:Uploading model into container now
2022-02-11 16:51:57,828:INFO:create_model_container: 1
2022-02-11 16:51:57,828:INFO:master_model_container: 1
2022-02-11 16:51:57,828:INFO:display_container: 2
2022-02-11 16:51:57,829:INFO:PowerTransformedTargetRegressor(copy_X=True, fit_intercept=True, n_jobs=-1,
                                normalize=False,
                                power_transformer_method='box-cox',
                                power_transformer_standardize=True,
                                regressor=LinearRegression(copy_X=True,
                                                           fit_intercept=True,
                                                           n_jobs=-1,
                                                           normalize=False))
2022-02-11 16:51:57,830:INFO:create_model() succesfully completed......................................
2022-02-11 16:51:57,949:INFO:SubProcess create_model() end ==================================
2022-02-11 16:51:57,949:INFO:Creating metrics dataframe
2022-02-11 16:51:57,974:INFO:Initializing Lasso Regression
2022-02-11 16:51:57,975:INFO:Total runtime is 0.1773415684700012 minutes
2022-02-11 16:51:57,995:INFO:SubProcess create_model() called ==================================
2022-02-11 16:51:57,996:INFO:Initializing create_model()
2022-02-11 16:51:57,996:INFO:create_model(estimator=lasso, fold=KFold(n_splits=10, random_state=None, shuffle=False), round=4, cross_validation=True, predict=True, fit_kwargs={}, groups=None, refit=False, verbose=False, system=False, metrics=None, add_to_model_list=True, probability_threshold=None, display=<pycaret.internal.Display.Display object at 0x000001ED0D71E848>, kwargs={})
2022-02-11 16:51:57,996:INFO:Checking exceptions
2022-02-11 16:51:57,997:INFO:Importing libraries
2022-02-11 16:51:57,997:INFO:Copying training dataset
2022-02-11 16:51:57,999:INFO:Defining folds
2022-02-11 16:51:57,999:INFO:Declaring metric variables
2022-02-11 16:51:58,015:INFO:Importing untrained model
2022-02-11 16:51:58,033:INFO:Lasso Regression Imported succesfully
2022-02-11 16:51:58,062:INFO:Starting cross validation
2022-02-11 16:51:58,063:INFO:Cross validating with KFold(n_splits=10, random_state=None, shuffle=False), n_jobs=-1
2022-02-11 16:51:58,212:INFO:Calculating mean and std
2022-02-11 16:51:58,213:INFO:Creating metrics dataframe
2022-02-11 16:51:58,220:INFO:Uploading results into container
2022-02-11 16:51:58,220:INFO:Uploading model into container now
2022-02-11 16:51:58,220:INFO:create_model_container: 2
2022-02-11 16:51:58,220:INFO:master_model_container: 2
2022-02-11 16:51:58,221:INFO:display_container: 2
2022-02-11 16:51:58,222:INFO:PowerTransformedTargetRegressor(alpha=1.0, copy_X=True, fit_intercept=True,
                                max_iter=1000, normalize=False, positive=False,
                                power_transformer_method='box-cox',
                                power_transformer_standardize=True,
                                precompute=False, random_state=2509,
                                regressor=Lasso(alpha=1.0, copy_X=True,
                                                fit_intercept=True,
                                                max_iter=1000, normalize=False,
                                                positive=False,
                                                precompute=False,
                                                random_state=2509,
                                                selection='cyclic', tol=0.0001,
                                                warm_start=False),
                                selection='cyclic', tol=0.0001,
                                warm_start=False)
2022-02-11 16:51:58,223:INFO:create_model() succesfully completed......................................
2022-02-11 16:51:58,334:INFO:SubProcess create_model() end ==================================
2022-02-11 16:51:58,335:INFO:Creating metrics dataframe
2022-02-11 16:51:58,364:INFO:Initializing Ridge Regression
2022-02-11 16:51:58,364:INFO:Total runtime is 0.1838183045387268 minutes
2022-02-11 16:51:58,379:INFO:SubProcess create_model() called ==================================
2022-02-11 16:51:58,380:INFO:Initializing create_model()
2022-02-11 16:51:58,380:INFO:create_model(estimator=ridge, fold=KFold(n_splits=10, random_state=None, shuffle=False), round=4, cross_validation=True, predict=True, fit_kwargs={}, groups=None, refit=False, verbose=False, system=False, metrics=None, add_to_model_list=True, probability_threshold=None, display=<pycaret.internal.Display.Display object at 0x000001ED0D71E848>, kwargs={})
2022-02-11 16:51:58,380:INFO:Checking exceptions
2022-02-11 16:51:58,381:INFO:Importing libraries
2022-02-11 16:51:58,381:INFO:Copying training dataset
2022-02-11 16:51:58,382:INFO:Defining folds
2022-02-11 16:51:58,383:INFO:Declaring metric variables
2022-02-11 16:51:58,398:INFO:Importing untrained model
2022-02-11 16:51:58,413:INFO:Ridge Regression Imported succesfully
2022-02-11 16:51:58,443:INFO:Starting cross validation
2022-02-11 16:51:58,444:INFO:Cross validating with KFold(n_splits=10, random_state=None, shuffle=False), n_jobs=-1
2022-02-11 16:51:58,593:INFO:Calculating mean and std
2022-02-11 16:51:58,595:INFO:Creating metrics dataframe
2022-02-11 16:51:58,601:INFO:Uploading results into container
2022-02-11 16:51:58,601:INFO:Uploading model into container now
2022-02-11 16:51:58,601:INFO:create_model_container: 3
2022-02-11 16:51:58,602:INFO:master_model_container: 3
2022-02-11 16:51:58,602:INFO:display_container: 2
2022-02-11 16:51:58,604:INFO:PowerTransformedTargetRegressor(alpha=1.0, copy_X=True, fit_intercept=True,
                                max_iter=None, normalize=False,
                                power_transformer_method='box-cox',
                                power_transformer_standardize=True,
                                random_state=2509,
                                regressor=Ridge(alpha=1.0, copy_X=True,
                                                fit_intercept=True,
                                                max_iter=None, normalize=False,
                                                random_state=2509,
                                                solver='auto', tol=0.001),
                                solver='auto', tol=0.001)
2022-02-11 16:51:58,604:INFO:create_model() succesfully completed......................................
2022-02-11 16:51:58,718:INFO:SubProcess create_model() end ==================================
2022-02-11 16:51:58,718:INFO:Creating metrics dataframe
2022-02-11 16:51:58,745:INFO:Initializing Elastic Net
2022-02-11 16:51:58,745:INFO:Total runtime is 0.1901697834332784 minutes
2022-02-11 16:51:58,761:INFO:SubProcess create_model() called ==================================
2022-02-11 16:51:58,761:INFO:Initializing create_model()
2022-02-11 16:51:58,761:INFO:create_model(estimator=en, fold=KFold(n_splits=10, random_state=None, shuffle=False), round=4, cross_validation=True, predict=True, fit_kwargs={}, groups=None, refit=False, verbose=False, system=False, metrics=None, add_to_model_list=True, probability_threshold=None, display=<pycaret.internal.Display.Display object at 0x000001ED0D71E848>, kwargs={})
2022-02-11 16:51:58,762:INFO:Checking exceptions
2022-02-11 16:51:58,762:INFO:Importing libraries
2022-02-11 16:51:58,762:INFO:Copying training dataset
2022-02-11 16:51:58,764:INFO:Defining folds
2022-02-11 16:51:58,764:INFO:Declaring metric variables
2022-02-11 16:51:58,778:INFO:Importing untrained model
2022-02-11 16:51:58,793:INFO:Elastic Net Imported succesfully
2022-02-11 16:51:58,823:INFO:Starting cross validation
2022-02-11 16:51:58,824:INFO:Cross validating with KFold(n_splits=10, random_state=None, shuffle=False), n_jobs=-1
2022-02-11 16:51:59,048:INFO:Calculating mean and std
2022-02-11 16:51:59,049:INFO:Creating metrics dataframe
2022-02-11 16:51:59,057:INFO:Uploading results into container
2022-02-11 16:51:59,057:INFO:Uploading model into container now
2022-02-11 16:51:59,058:INFO:create_model_container: 4
2022-02-11 16:51:59,058:INFO:master_model_container: 4
2022-02-11 16:51:59,058:INFO:display_container: 2
2022-02-11 16:51:59,060:INFO:PowerTransformedTargetRegressor(alpha=1.0, copy_X=True, fit_intercept=True,
                                l1_ratio=0.5, max_iter=1000, normalize=False,
                                positive=False,
                                power_transformer_method='box-cox',
                                power_transformer_standardize=True,
                                precompute=False, random_state=2509,
                                regressor=ElasticNet(alpha=1.0, copy_X=True,
                                                     fit_intercept=True,
                                                     l1_ratio=0.5,
                                                     max_iter=1000,
                                                     normalize=False,
                                                     positive=False,
                                                     precompute=False,
                                                     random_state=2509,
                                                     selection='cyclic',
                                                     tol=0.0001,
                                                     warm_start=False),
                                selection='cyclic', tol=0.0001,
                                warm_start=False)
2022-02-11 16:51:59,060:INFO:create_model() succesfully completed......................................
2022-02-11 16:51:59,187:INFO:SubProcess create_model() end ==================================
2022-02-11 16:51:59,188:INFO:Creating metrics dataframe
2022-02-11 16:51:59,219:INFO:Initializing Least Angle Regression
2022-02-11 16:51:59,220:INFO:Total runtime is 0.19808831612269082 minutes
2022-02-11 16:51:59,236:INFO:SubProcess create_model() called ==================================
2022-02-11 16:51:59,236:INFO:Initializing create_model()
2022-02-11 16:51:59,237:INFO:create_model(estimator=lar, fold=KFold(n_splits=10, random_state=None, shuffle=False), round=4, cross_validation=True, predict=True, fit_kwargs={}, groups=None, refit=False, verbose=False, system=False, metrics=None, add_to_model_list=True, probability_threshold=None, display=<pycaret.internal.Display.Display object at 0x000001ED0D71E848>, kwargs={})
2022-02-11 16:51:59,237:INFO:Checking exceptions
2022-02-11 16:51:59,237:INFO:Importing libraries
2022-02-11 16:51:59,237:INFO:Copying training dataset
2022-02-11 16:51:59,239:INFO:Defining folds
2022-02-11 16:51:59,240:INFO:Declaring metric variables
2022-02-11 16:51:59,255:INFO:Importing untrained model
2022-02-11 16:51:59,270:INFO:Least Angle Regression Imported succesfully
2022-02-11 16:51:59,305:INFO:Starting cross validation
2022-02-11 16:51:59,306:INFO:Cross validating with KFold(n_splits=10, random_state=None, shuffle=False), n_jobs=-1
2022-02-11 16:52:01,495:WARNING:create_model() for lar raised an exception or returned all 0.0, trying without fit_kwargs:
2022-02-11 16:52:01,519:WARNING:joblib.externals.loky.process_executor._RemoteTraceback: 
"""
Traceback (most recent call last):
  File "C:\Users\jkaczmarek\Anaconda3\envs\pycaret1\lib\site-packages\joblib\externals\loky\process_executor.py", line 431, in _process_worker
    r = call_item()
  File "C:\Users\jkaczmarek\Anaconda3\envs\pycaret1\lib\site-packages\joblib\externals\loky\process_executor.py", line 285, in __call__
    return self.fn(*self.args, **self.kwargs)
  File "C:\Users\jkaczmarek\Anaconda3\envs\pycaret1\lib\site-packages\joblib\_parallel_backends.py", line 595, in __call__
    return self.func(*args, **kwargs)
  File "C:\Users\jkaczmarek\Anaconda3\envs\pycaret1\lib\site-packages\joblib\parallel.py", line 263, in __call__
    for func, args, kwargs in self.items]
  File "C:\Users\jkaczmarek\Anaconda3\envs\pycaret1\lib\site-packages\joblib\parallel.py", line 263, in <listcomp>
    for func, args, kwargs in self.items]
  File "C:\Users\jkaczmarek\Anaconda3\envs\pycaret1\lib\site-packages\sklearn\model_selection\_validation.py", line 560, in _fit_and_score
    test_scores = _score(estimator, X_test, y_test, scorer)
  File "C:\Users\jkaczmarek\Anaconda3\envs\pycaret1\lib\site-packages\sklearn\model_selection\_validation.py", line 607, in _score
    scores = scorer(estimator, X_test, y_test)
  File "C:\Users\jkaczmarek\Anaconda3\envs\pycaret1\lib\site-packages\sklearn\metrics\_scorer.py", line 88, in __call__
    *args, **kwargs)
  File "C:\Users\jkaczmarek\Anaconda3\envs\pycaret1\lib\site-packages\sklearn\metrics\_scorer.py", line 213, in _score
    **self._kwargs)
  File "C:\Users\jkaczmarek\Anaconda3\envs\pycaret1\lib\site-packages\sklearn\utils\validation.py", line 72, in inner_f
    return f(**kwargs)
  File "C:\Users\jkaczmarek\Anaconda3\envs\pycaret1\lib\site-packages\sklearn\metrics\_regression.py", line 179, in mean_absolute_error
    y_true, y_pred, multioutput)
  File "C:\Users\jkaczmarek\Anaconda3\envs\pycaret1\lib\site-packages\sklearn\metrics\_regression.py", line 86, in _check_reg_targets
    y_pred = check_array(y_pred, ensure_2d=False, dtype=dtype)
  File "C:\Users\jkaczmarek\Anaconda3\envs\pycaret1\lib\site-packages\sklearn\utils\validation.py", line 72, in inner_f
    return f(**kwargs)
  File "C:\Users\jkaczmarek\Anaconda3\envs\pycaret1\lib\site-packages\sklearn\utils\validation.py", line 645, in check_array
    allow_nan=force_all_finite == 'allow-nan')
  File "C:\Users\jkaczmarek\Anaconda3\envs\pycaret1\lib\site-packages\sklearn\utils\validation.py", line 99, in _assert_all_finite
    msg_dtype if msg_dtype is not None else X.dtype)
ValueError: Input contains NaN, infinity or a value too large for dtype('float64').
"""

The above exception was the direct cause of the following exception:

Traceback (most recent call last):
  File "C:\Users\jkaczmarek\Anaconda3\envs\pycaret1\lib\site-packages\pycaret\internal\tabular.py", line 2206, in compare_models
    model, model_fit_time = create_model_supervised(**create_model_args)
  File "C:\Users\jkaczmarek\Anaconda3\envs\pycaret1\lib\site-packages\pycaret\internal\tabular.py", line 3181, in create_model_supervised
    error_score=0,
  File "C:\Users\jkaczmarek\Anaconda3\envs\pycaret1\lib\site-packages\sklearn\utils\validation.py", line 72, in inner_f
    return f(**kwargs)
  File "C:\Users\jkaczmarek\Anaconda3\envs\pycaret1\lib\site-packages\sklearn\model_selection\_validation.py", line 248, in cross_validate
    for train, test in cv.split(X, y, groups))
  File "C:\Users\jkaczmarek\Anaconda3\envs\pycaret1\lib\site-packages\joblib\parallel.py", line 1054, in __call__
    self.retrieve()
  File "C:\Users\jkaczmarek\Anaconda3\envs\pycaret1\lib\site-packages\joblib\parallel.py", line 933, in retrieve
    self._output.extend(job.get(timeout=self.timeout))
  File "C:\Users\jkaczmarek\Anaconda3\envs\pycaret1\lib\site-packages\joblib\_parallel_backends.py", line 542, in wrap_future_result
    return future.result(timeout=timeout)
  File "C:\Users\jkaczmarek\Anaconda3\envs\pycaret1\lib\concurrent\futures\_base.py", line 435, in result
    return self.__get_result()
  File "C:\Users\jkaczmarek\Anaconda3\envs\pycaret1\lib\concurrent\futures\_base.py", line 384, in __get_result
    raise self._exception
ValueError: Input contains NaN, infinity or a value too large for dtype('float64').

2022-02-11 16:52:01,520:INFO:Initializing create_model()
2022-02-11 16:52:01,520:INFO:create_model(estimator=lar, fold=KFold(n_splits=10, random_state=None, shuffle=False), round=4, cross_validation=True, predict=True, fit_kwargs={}, groups=None, refit=False, verbose=False, system=False, metrics=None, add_to_model_list=True, probability_threshold=None, display=<pycaret.internal.Display.Display object at 0x000001ED0D71E848>, kwargs={})
2022-02-11 16:52:01,520:INFO:Checking exceptions
2022-02-11 16:52:01,520:INFO:Importing libraries
2022-02-11 16:52:01,521:INFO:Copying training dataset
2022-02-11 16:52:01,522:INFO:Defining folds
2022-02-11 16:52:01,522:INFO:Declaring metric variables
2022-02-11 16:52:01,538:INFO:Importing untrained model
2022-02-11 16:52:01,558:INFO:Least Angle Regression Imported succesfully
2022-02-11 16:52:01,593:INFO:Starting cross validation
2022-02-11 16:52:01,594:INFO:Cross validating with KFold(n_splits=10, random_state=None, shuffle=False), n_jobs=-1
2022-02-11 16:52:10,241:ERROR:create_model() for lar raised an exception or returned all 0.0:
2022-02-11 16:52:10,243:ERROR:joblib.externals.loky.process_executor._RemoteTraceback: 
"""
Traceback (most recent call last):
  File "C:\Users\jkaczmarek\Anaconda3\envs\pycaret1\lib\site-packages\joblib\externals\loky\process_executor.py", line 431, in _process_worker
    r = call_item()
  File "C:\Users\jkaczmarek\Anaconda3\envs\pycaret1\lib\site-packages\joblib\externals\loky\process_executor.py", line 285, in __call__
    return self.fn(*self.args, **self.kwargs)
  File "C:\Users\jkaczmarek\Anaconda3\envs\pycaret1\lib\site-packages\joblib\_parallel_backends.py", line 595, in __call__
    return self.func(*args, **kwargs)
  File "C:\Users\jkaczmarek\Anaconda3\envs\pycaret1\lib\site-packages\joblib\parallel.py", line 263, in __call__
    for func, args, kwargs in self.items]
  File "C:\Users\jkaczmarek\Anaconda3\envs\pycaret1\lib\site-packages\joblib\parallel.py", line 263, in <listcomp>
    for func, args, kwargs in self.items]
  File "C:\Users\jkaczmarek\Anaconda3\envs\pycaret1\lib\site-packages\sklearn\model_selection\_validation.py", line 560, in _fit_and_score
    test_scores = _score(estimator, X_test, y_test, scorer)
  File "C:\Users\jkaczmarek\Anaconda3\envs\pycaret1\lib\site-packages\sklearn\model_selection\_validation.py", line 607, in _score
    scores = scorer(estimator, X_test, y_test)
  File "C:\Users\jkaczmarek\Anaconda3\envs\pycaret1\lib\site-packages\sklearn\metrics\_scorer.py", line 88, in __call__
    *args, **kwargs)
  File "C:\Users\jkaczmarek\Anaconda3\envs\pycaret1\lib\site-packages\sklearn\metrics\_scorer.py", line 213, in _score
    **self._kwargs)
  File "C:\Users\jkaczmarek\Anaconda3\envs\pycaret1\lib\site-packages\sklearn\utils\validation.py", line 72, in inner_f
    return f(**kwargs)
  File "C:\Users\jkaczmarek\Anaconda3\envs\pycaret1\lib\site-packages\sklearn\metrics\_regression.py", line 179, in mean_absolute_error
    y_true, y_pred, multioutput)
  File "C:\Users\jkaczmarek\Anaconda3\envs\pycaret1\lib\site-packages\sklearn\metrics\_regression.py", line 86, in _check_reg_targets
    y_pred = check_array(y_pred, ensure_2d=False, dtype=dtype)
  File "C:\Users\jkaczmarek\Anaconda3\envs\pycaret1\lib\site-packages\sklearn\utils\validation.py", line 72, in inner_f
    return f(**kwargs)
  File "C:\Users\jkaczmarek\Anaconda3\envs\pycaret1\lib\site-packages\sklearn\utils\validation.py", line 645, in check_array
    allow_nan=force_all_finite == 'allow-nan')
  File "C:\Users\jkaczmarek\Anaconda3\envs\pycaret1\lib\site-packages\sklearn\utils\validation.py", line 99, in _assert_all_finite
    msg_dtype if msg_dtype is not None else X.dtype)
ValueError: Input contains NaN, infinity or a value too large for dtype('float64').
"""

The above exception was the direct cause of the following exception:

Traceback (most recent call last):
  File "C:\Users\jkaczmarek\Anaconda3\envs\pycaret1\lib\site-packages\pycaret\internal\tabular.py", line 2215, in compare_models
    model, model_fit_time = create_model_supervised(**create_model_args)
  File "C:\Users\jkaczmarek\Anaconda3\envs\pycaret1\lib\site-packages\pycaret\internal\tabular.py", line 3181, in create_model_supervised
    error_score=0,
  File "C:\Users\jkaczmarek\Anaconda3\envs\pycaret1\lib\site-packages\sklearn\utils\validation.py", line 72, in inner_f
    return f(**kwargs)
  File "C:\Users\jkaczmarek\Anaconda3\envs\pycaret1\lib\site-packages\sklearn\model_selection\_validation.py", line 248, in cross_validate
    for train, test in cv.split(X, y, groups))
  File "C:\Users\jkaczmarek\Anaconda3\envs\pycaret1\lib\site-packages\joblib\parallel.py", line 1054, in __call__
    self.retrieve()
  File "C:\Users\jkaczmarek\Anaconda3\envs\pycaret1\lib\site-packages\joblib\parallel.py", line 933, in retrieve
    self._output.extend(job.get(timeout=self.timeout))
  File "C:\Users\jkaczmarek\Anaconda3\envs\pycaret1\lib\site-packages\joblib\_parallel_backends.py", line 542, in wrap_future_result
    return future.result(timeout=timeout)
  File "C:\Users\jkaczmarek\Anaconda3\envs\pycaret1\lib\concurrent\futures\_base.py", line 428, in result
    return self.__get_result()
  File "C:\Users\jkaczmarek\Anaconda3\envs\pycaret1\lib\concurrent\futures\_base.py", line 384, in __get_result
    raise self._exception
ValueError: Input contains NaN, infinity or a value too large for dtype('float64').

2022-02-11 16:52:10,243:INFO:Initializing Lasso Least Angle Regression
2022-02-11 16:52:10,243:INFO:Total runtime is 0.38181325991948445 minutes
2022-02-11 16:52:10,259:INFO:SubProcess create_model() called ==================================
2022-02-11 16:52:10,260:INFO:Initializing create_model()
2022-02-11 16:52:10,260:INFO:create_model(estimator=llar, fold=KFold(n_splits=10, random_state=None, shuffle=False), round=4, cross_validation=True, predict=True, fit_kwargs={}, groups=None, refit=False, verbose=False, system=False, metrics=None, add_to_model_list=True, probability_threshold=None, display=<pycaret.internal.Display.Display object at 0x000001ED0D71E848>, kwargs={})
2022-02-11 16:52:10,260:INFO:Checking exceptions
2022-02-11 16:52:10,260:INFO:Importing libraries
2022-02-11 16:52:10,261:INFO:Copying training dataset
2022-02-11 16:52:10,262:INFO:Defining folds
2022-02-11 16:52:10,263:INFO:Declaring metric variables
2022-02-11 16:52:10,276:INFO:Importing untrained model
2022-02-11 16:52:10,292:INFO:Lasso Least Angle Regression Imported succesfully
2022-02-11 16:52:10,321:INFO:Starting cross validation
2022-02-11 16:52:10,322:INFO:Cross validating with KFold(n_splits=10, random_state=None, shuffle=False), n_jobs=-1
2022-02-11 16:52:17,115:INFO:Calculating mean and std
2022-02-11 16:52:17,117:INFO:Creating metrics dataframe
2022-02-11 16:52:17,124:INFO:Uploading results into container
2022-02-11 16:52:17,124:INFO:Uploading model into container now
2022-02-11 16:52:17,124:INFO:create_model_container: 5
2022-02-11 16:52:17,125:INFO:master_model_container: 5
2022-02-11 16:52:17,125:INFO:display_container: 2
2022-02-11 16:52:17,127:INFO:PowerTransformedTargetRegressor(alpha=1.0, copy_X=True,
                                eps=2.220446049250313e-16, fit_intercept=True,
                                fit_path=True, jitter=None, max_iter=500,
                                normalize=True, positive=False,
                                power_transformer_method='box-cox',
                                power_transformer_standardize=True,
                                precompute='auto', random_state=2509,
                                regressor=LassoLars(alpha=1.0, copy_X=True,
                                                    eps=2.220446049250313e-16,
                                                    fit_intercept=True,
                                                    fit_path=True, jitter=None,
                                                    max_iter=500,
                                                    normalize=True,
                                                    positive=False,
                                                    precompute='auto',
                                                    random_state=2509,
                                                    verbose=False),
                                verbose=False)
2022-02-11 16:52:17,128:INFO:create_model() succesfully completed......................................
2022-02-11 16:52:17,251:INFO:SubProcess create_model() end ==================================
2022-02-11 16:52:17,251:INFO:Creating metrics dataframe
2022-02-11 16:52:17,281:INFO:Initializing Orthogonal Matching Pursuit
2022-02-11 16:52:17,282:INFO:Total runtime is 0.49911950826644896 minutes
2022-02-11 16:52:17,297:INFO:SubProcess create_model() called ==================================
2022-02-11 16:52:17,297:INFO:Initializing create_model()
2022-02-11 16:52:17,298:INFO:create_model(estimator=omp, fold=KFold(n_splits=10, random_state=None, shuffle=False), round=4, cross_validation=True, predict=True, fit_kwargs={}, groups=None, refit=False, verbose=False, system=False, metrics=None, add_to_model_list=True, probability_threshold=None, display=<pycaret.internal.Display.Display object at 0x000001ED0D71E848>, kwargs={})
2022-02-11 16:52:17,298:INFO:Checking exceptions
2022-02-11 16:52:17,298:INFO:Importing libraries
2022-02-11 16:52:17,298:INFO:Copying training dataset
2022-02-11 16:52:17,300:INFO:Defining folds
2022-02-11 16:52:17,300:INFO:Declaring metric variables
2022-02-11 16:52:17,314:INFO:Importing untrained model
2022-02-11 16:52:17,328:INFO:Orthogonal Matching Pursuit Imported succesfully
2022-02-11 16:52:17,362:INFO:Starting cross validation
2022-02-11 16:52:17,363:INFO:Cross validating with KFold(n_splits=10, random_state=None, shuffle=False), n_jobs=-1
2022-02-11 16:52:17,542:INFO:Calculating mean and std
2022-02-11 16:52:17,544:INFO:Creating metrics dataframe
2022-02-11 16:52:17,550:INFO:Uploading results into container
2022-02-11 16:52:17,551:INFO:Uploading model into container now
2022-02-11 16:52:17,551:INFO:create_model_container: 6
2022-02-11 16:52:17,551:INFO:master_model_container: 6
2022-02-11 16:52:17,551:INFO:display_container: 2
2022-02-11 16:52:17,553:INFO:PowerTransformedTargetRegressor(fit_intercept=True, n_nonzero_coefs=None,
                                normalize=True,
                                power_transformer_method='box-cox',
                                power_transformer_standardize=True,
                                precompute='auto',
                                regressor=OrthogonalMatchingPursuit(fit_intercept=True,
                                                                    n_nonzero_coefs=None,
                                                                    normalize=True,
                                                                    precompute='auto',
                                                                    tol=None),
                                tol=None)
2022-02-11 16:52:17,553:INFO:create_model() succesfully completed......................................
2022-02-11 16:52:17,691:INFO:SubProcess create_model() end ==================================
2022-02-11 16:52:17,692:INFO:Creating metrics dataframe
2022-02-11 16:52:17,728:INFO:Initializing Bayesian Ridge
2022-02-11 16:52:17,728:INFO:Total runtime is 0.5065634846687317 minutes
2022-02-11 16:52:17,751:INFO:SubProcess create_model() called ==================================
2022-02-11 16:52:17,751:INFO:Initializing create_model()
2022-02-11 16:52:17,752:INFO:create_model(estimator=br, fold=KFold(n_splits=10, random_state=None, shuffle=False), round=4, cross_validation=True, predict=True, fit_kwargs={}, groups=None, refit=False, verbose=False, system=False, metrics=None, add_to_model_list=True, probability_threshold=None, display=<pycaret.internal.Display.Display object at 0x000001ED0D71E848>, kwargs={})
2022-02-11 16:52:17,752:INFO:Checking exceptions
2022-02-11 16:52:17,752:INFO:Importing libraries
2022-02-11 16:52:17,752:INFO:Copying training dataset
2022-02-11 16:52:17,754:INFO:Defining folds
2022-02-11 16:52:17,754:INFO:Declaring metric variables
2022-02-11 16:52:17,769:INFO:Importing untrained model
2022-02-11 16:52:17,787:INFO:Bayesian Ridge Imported succesfully
2022-02-11 16:52:17,830:INFO:Starting cross validation
2022-02-11 16:52:17,831:INFO:Cross validating with KFold(n_splits=10, random_state=None, shuffle=False), n_jobs=-1
2022-02-11 16:52:18,000:INFO:Calculating mean and std
2022-02-11 16:52:18,002:INFO:Creating metrics dataframe
2022-02-11 16:52:18,009:INFO:Uploading results into container
2022-02-11 16:52:18,009:INFO:Uploading model into container now
2022-02-11 16:52:18,010:INFO:create_model_container: 7
2022-02-11 16:52:18,010:INFO:master_model_container: 7
2022-02-11 16:52:18,010:INFO:display_container: 2
2022-02-11 16:52:18,012:INFO:PowerTransformedTargetRegressor(alpha_1=1e-06, alpha_2=1e-06, alpha_init=None,
                                compute_score=False, copy_X=True,
                                fit_intercept=True, lambda_1=1e-06,
                                lambda_2=1e-06, lambda_init=None, n_iter=300,
                                normalize=False,
                                power_transformer_method='box-cox',
                                power_transformer_standardize=True,
                                regressor=BayesianRidge(alpha_1=1e-06,
                                                        alpha_2=1e-06,
                                                        alpha_init=None,
                                                        compute_score=False,
                                                        copy_X=True,
                                                        fit_intercept=True,
                                                        lambda_1=1e-06,
                                                        lambda_2=1e-06,
                                                        lambda_init=None,
                                                        n_iter=300,
                                                        normalize=False,
                                                        tol=0.001,
                                                        verbose=False),
                                tol=0.001, verbose=False)
2022-02-11 16:52:18,013:INFO:create_model() succesfully completed......................................
2022-02-11 16:52:18,139:INFO:SubProcess create_model() end ==================================
2022-02-11 16:52:18,139:INFO:Creating metrics dataframe
2022-02-11 16:52:18,171:INFO:Initializing Passive Aggressive Regressor
2022-02-11 16:52:18,171:INFO:Total runtime is 0.5139485160509746 minutes
2022-02-11 16:52:18,189:INFO:SubProcess create_model() called ==================================
2022-02-11 16:52:18,189:INFO:Initializing create_model()
2022-02-11 16:52:18,189:INFO:create_model(estimator=par, fold=KFold(n_splits=10, random_state=None, shuffle=False), round=4, cross_validation=True, predict=True, fit_kwargs={}, groups=None, refit=False, verbose=False, system=False, metrics=None, add_to_model_list=True, probability_threshold=None, display=<pycaret.internal.Display.Display object at 0x000001ED0D71E848>, kwargs={})
2022-02-11 16:52:18,190:INFO:Checking exceptions
2022-02-11 16:52:18,190:INFO:Importing libraries
2022-02-11 16:52:18,190:INFO:Copying training dataset
2022-02-11 16:52:18,192:INFO:Defining folds
2022-02-11 16:52:18,195:INFO:Declaring metric variables
2022-02-11 16:52:18,208:INFO:Importing untrained model
2022-02-11 16:52:18,223:INFO:Passive Aggressive Regressor Imported succesfully
2022-02-11 16:52:18,254:INFO:Starting cross validation
2022-02-11 16:52:18,256:INFO:Cross validating with KFold(n_splits=10, random_state=None, shuffle=False), n_jobs=-1
2022-02-11 16:52:18,576:INFO:Calculating mean and std
2022-02-11 16:52:18,577:INFO:Creating metrics dataframe
2022-02-11 16:52:18,585:INFO:Uploading results into container
2022-02-11 16:52:18,585:INFO:Uploading model into container now
2022-02-11 16:52:18,585:INFO:create_model_container: 8
2022-02-11 16:52:18,585:INFO:master_model_container: 8
2022-02-11 16:52:18,585:INFO:display_container: 2
2022-02-11 16:52:18,588:INFO:PowerTransformedTargetRegressor(C=1.0, average=False, early_stopping=False,
                                epsilon=0.1, fit_intercept=True,
                                loss='epsilon_insensitive', max_iter=1000,
                                n_iter_no_change=5,
                                power_transformer_method='box-cox',
                                power_transformer_standardize=True,
                                random_state=2509,
                                regressor=PassiveAggressiveRegressor(C=1.0,
                                                                     average=False,
                                                                     early_stopping=False,
                                                                     epsilon=0.1,
                                                                     fit_intercept=True,
                                                                     loss='epsilon_insensitive',
                                                                     max_iter=1000,
                                                                     n_iter_no_change=5,
                                                                     random_state=2509,
                                                                     shuffle=True,
                                                                     tol=0.001,
                                                                     validation_fraction=0.1,
                                                                     verbose=0,
                                                                     warm_start=False),
                                shuffle=True, tol=0.001,
                                validation_fraction=0.1, verbose=0,
                                warm_start=False)
2022-02-11 16:52:18,588:INFO:create_model() succesfully completed......................................
2022-02-11 16:52:18,712:INFO:SubProcess create_model() end ==================================
2022-02-11 16:52:18,712:INFO:Creating metrics dataframe
2022-02-11 16:52:18,742:INFO:Initializing Huber Regressor
2022-02-11 16:52:18,742:INFO:Total runtime is 0.5234595497449239 minutes
2022-02-11 16:52:18,757:INFO:SubProcess create_model() called ==================================
2022-02-11 16:52:18,758:INFO:Initializing create_model()
2022-02-11 16:52:18,758:INFO:create_model(estimator=huber, fold=KFold(n_splits=10, random_state=None, shuffle=False), round=4, cross_validation=True, predict=True, fit_kwargs={}, groups=None, refit=False, verbose=False, system=False, metrics=None, add_to_model_list=True, probability_threshold=None, display=<pycaret.internal.Display.Display object at 0x000001ED0D71E848>, kwargs={})
2022-02-11 16:52:18,758:INFO:Checking exceptions
2022-02-11 16:52:18,759:INFO:Importing libraries
2022-02-11 16:52:18,759:INFO:Copying training dataset
2022-02-11 16:52:18,761:INFO:Defining folds
2022-02-11 16:52:18,762:INFO:Declaring metric variables
2022-02-11 16:52:18,776:INFO:Importing untrained model
2022-02-11 16:52:18,796:INFO:Huber Regressor Imported succesfully
2022-02-11 16:52:18,832:INFO:Starting cross validation
2022-02-11 16:52:18,833:INFO:Cross validating with KFold(n_splits=10, random_state=None, shuffle=False), n_jobs=-1
2022-02-11 16:52:21,342:WARNING:create_model() for huber raised an exception or returned all 0.0, trying without fit_kwargs:
2022-02-11 16:52:21,343:WARNING:joblib.externals.loky.process_executor._RemoteTraceback: 
"""
Traceback (most recent call last):
  File "C:\Users\jkaczmarek\Anaconda3\envs\pycaret1\lib\site-packages\joblib\externals\loky\process_executor.py", line 431, in _process_worker
    r = call_item()
  File "C:\Users\jkaczmarek\Anaconda3\envs\pycaret1\lib\site-packages\joblib\externals\loky\process_executor.py", line 285, in __call__
    return self.fn(*self.args, **self.kwargs)
  File "C:\Users\jkaczmarek\Anaconda3\envs\pycaret1\lib\site-packages\joblib\_parallel_backends.py", line 595, in __call__
    return self.func(*args, **kwargs)
  File "C:\Users\jkaczmarek\Anaconda3\envs\pycaret1\lib\site-packages\joblib\parallel.py", line 263, in __call__
    for func, args, kwargs in self.items]
  File "C:\Users\jkaczmarek\Anaconda3\envs\pycaret1\lib\site-packages\joblib\parallel.py", line 263, in <listcomp>
    for func, args, kwargs in self.items]
  File "C:\Users\jkaczmarek\Anaconda3\envs\pycaret1\lib\site-packages\sklearn\model_selection\_validation.py", line 560, in _fit_and_score
    test_scores = _score(estimator, X_test, y_test, scorer)
  File "C:\Users\jkaczmarek\Anaconda3\envs\pycaret1\lib\site-packages\sklearn\model_selection\_validation.py", line 607, in _score
    scores = scorer(estimator, X_test, y_test)
  File "C:\Users\jkaczmarek\Anaconda3\envs\pycaret1\lib\site-packages\sklearn\metrics\_scorer.py", line 88, in __call__
    *args, **kwargs)
  File "C:\Users\jkaczmarek\Anaconda3\envs\pycaret1\lib\site-packages\sklearn\metrics\_scorer.py", line 213, in _score
    **self._kwargs)
  File "C:\Users\jkaczmarek\Anaconda3\envs\pycaret1\lib\site-packages\sklearn\utils\validation.py", line 72, in inner_f
    return f(**kwargs)
  File "C:\Users\jkaczmarek\Anaconda3\envs\pycaret1\lib\site-packages\sklearn\metrics\_regression.py", line 179, in mean_absolute_error
    y_true, y_pred, multioutput)
  File "C:\Users\jkaczmarek\Anaconda3\envs\pycaret1\lib\site-packages\sklearn\metrics\_regression.py", line 86, in _check_reg_targets
    y_pred = check_array(y_pred, ensure_2d=False, dtype=dtype)
  File "C:\Users\jkaczmarek\Anaconda3\envs\pycaret1\lib\site-packages\sklearn\utils\validation.py", line 72, in inner_f
    return f(**kwargs)
  File "C:\Users\jkaczmarek\Anaconda3\envs\pycaret1\lib\site-packages\sklearn\utils\validation.py", line 645, in check_array
    allow_nan=force_all_finite == 'allow-nan')
  File "C:\Users\jkaczmarek\Anaconda3\envs\pycaret1\lib\site-packages\sklearn\utils\validation.py", line 99, in _assert_all_finite
    msg_dtype if msg_dtype is not None else X.dtype)
ValueError: Input contains NaN, infinity or a value too large for dtype('float64').
"""

The above exception was the direct cause of the following exception:

Traceback (most recent call last):
  File "C:\Users\jkaczmarek\Anaconda3\envs\pycaret1\lib\site-packages\pycaret\internal\tabular.py", line 2206, in compare_models
    model, model_fit_time = create_model_supervised(**create_model_args)
  File "C:\Users\jkaczmarek\Anaconda3\envs\pycaret1\lib\site-packages\pycaret\internal\tabular.py", line 3181, in create_model_supervised
    error_score=0,
  File "C:\Users\jkaczmarek\Anaconda3\envs\pycaret1\lib\site-packages\sklearn\utils\validation.py", line 72, in inner_f
    return f(**kwargs)
  File "C:\Users\jkaczmarek\Anaconda3\envs\pycaret1\lib\site-packages\sklearn\model_selection\_validation.py", line 248, in cross_validate
    for train, test in cv.split(X, y, groups))
  File "C:\Users\jkaczmarek\Anaconda3\envs\pycaret1\lib\site-packages\joblib\parallel.py", line 1054, in __call__
    self.retrieve()
  File "C:\Users\jkaczmarek\Anaconda3\envs\pycaret1\lib\site-packages\joblib\parallel.py", line 933, in retrieve
    self._output.extend(job.get(timeout=self.timeout))
  File "C:\Users\jkaczmarek\Anaconda3\envs\pycaret1\lib\site-packages\joblib\_parallel_backends.py", line 542, in wrap_future_result
    return future.result(timeout=timeout)
  File "C:\Users\jkaczmarek\Anaconda3\envs\pycaret1\lib\concurrent\futures\_base.py", line 428, in result
    return self.__get_result()
  File "C:\Users\jkaczmarek\Anaconda3\envs\pycaret1\lib\concurrent\futures\_base.py", line 384, in __get_result
    raise self._exception
ValueError: Input contains NaN, infinity or a value too large for dtype('float64').

2022-02-11 16:52:21,344:INFO:Initializing create_model()
2022-02-11 16:52:21,344:INFO:create_model(estimator=huber, fold=KFold(n_splits=10, random_state=None, shuffle=False), round=4, cross_validation=True, predict=True, fit_kwargs={}, groups=None, refit=False, verbose=False, system=False, metrics=None, add_to_model_list=True, probability_threshold=None, display=<pycaret.internal.Display.Display object at 0x000001ED0D71E848>, kwargs={})
2022-02-11 16:52:21,344:INFO:Checking exceptions
2022-02-11 16:52:21,344:INFO:Importing libraries
2022-02-11 16:52:21,344:INFO:Copying training dataset
2022-02-11 16:52:21,346:INFO:Defining folds
2022-02-11 16:52:21,346:INFO:Declaring metric variables
2022-02-11 16:52:21,361:INFO:Importing untrained model
2022-02-11 16:52:21,378:INFO:Huber Regressor Imported succesfully
2022-02-11 16:52:21,409:INFO:Starting cross validation
2022-02-11 16:52:21,410:INFO:Cross validating with KFold(n_splits=10, random_state=None, shuffle=False), n_jobs=-1
2022-02-11 16:52:30,569:ERROR:create_model() for huber raised an exception or returned all 0.0:
2022-02-11 16:52:30,571:ERROR:joblib.externals.loky.process_executor._RemoteTraceback: 
"""
Traceback (most recent call last):
  File "C:\Users\jkaczmarek\Anaconda3\envs\pycaret1\lib\site-packages\joblib\externals\loky\process_executor.py", line 431, in _process_worker
    r = call_item()
  File "C:\Users\jkaczmarek\Anaconda3\envs\pycaret1\lib\site-packages\joblib\externals\loky\process_executor.py", line 285, in __call__
    return self.fn(*self.args, **self.kwargs)
  File "C:\Users\jkaczmarek\Anaconda3\envs\pycaret1\lib\site-packages\joblib\_parallel_backends.py", line 595, in __call__
    return self.func(*args, **kwargs)
  File "C:\Users\jkaczmarek\Anaconda3\envs\pycaret1\lib\site-packages\joblib\parallel.py", line 263, in __call__
    for func, args, kwargs in self.items]
  File "C:\Users\jkaczmarek\Anaconda3\envs\pycaret1\lib\site-packages\joblib\parallel.py", line 263, in <listcomp>
    for func, args, kwargs in self.items]
  File "C:\Users\jkaczmarek\Anaconda3\envs\pycaret1\lib\site-packages\sklearn\model_selection\_validation.py", line 560, in _fit_and_score
    test_scores = _score(estimator, X_test, y_test, scorer)
  File "C:\Users\jkaczmarek\Anaconda3\envs\pycaret1\lib\site-packages\sklearn\model_selection\_validation.py", line 607, in _score
    scores = scorer(estimator, X_test, y_test)
  File "C:\Users\jkaczmarek\Anaconda3\envs\pycaret1\lib\site-packages\sklearn\metrics\_scorer.py", line 88, in __call__
    *args, **kwargs)
  File "C:\Users\jkaczmarek\Anaconda3\envs\pycaret1\lib\site-packages\sklearn\metrics\_scorer.py", line 213, in _score
    **self._kwargs)
  File "C:\Users\jkaczmarek\Anaconda3\envs\pycaret1\lib\site-packages\sklearn\utils\validation.py", line 72, in inner_f
    return f(**kwargs)
  File "C:\Users\jkaczmarek\Anaconda3\envs\pycaret1\lib\site-packages\sklearn\metrics\_regression.py", line 179, in mean_absolute_error
    y_true, y_pred, multioutput)
  File "C:\Users\jkaczmarek\Anaconda3\envs\pycaret1\lib\site-packages\sklearn\metrics\_regression.py", line 86, in _check_reg_targets
    y_pred = check_array(y_pred, ensure_2d=False, dtype=dtype)
  File "C:\Users\jkaczmarek\Anaconda3\envs\pycaret1\lib\site-packages\sklearn\utils\validation.py", line 72, in inner_f
    return f(**kwargs)
  File "C:\Users\jkaczmarek\Anaconda3\envs\pycaret1\lib\site-packages\sklearn\utils\validation.py", line 645, in check_array
    allow_nan=force_all_finite == 'allow-nan')
  File "C:\Users\jkaczmarek\Anaconda3\envs\pycaret1\lib\site-packages\sklearn\utils\validation.py", line 99, in _assert_all_finite
    msg_dtype if msg_dtype is not None else X.dtype)
ValueError: Input contains NaN, infinity or a value too large for dtype('float64').
"""

The above exception was the direct cause of the following exception:

Traceback (most recent call last):
  File "C:\Users\jkaczmarek\Anaconda3\envs\pycaret1\lib\site-packages\pycaret\internal\tabular.py", line 2215, in compare_models
    model, model_fit_time = create_model_supervised(**create_model_args)
  File "C:\Users\jkaczmarek\Anaconda3\envs\pycaret1\lib\site-packages\pycaret\internal\tabular.py", line 3181, in create_model_supervised
    error_score=0,
  File "C:\Users\jkaczmarek\Anaconda3\envs\pycaret1\lib\site-packages\sklearn\utils\validation.py", line 72, in inner_f
    return f(**kwargs)
  File "C:\Users\jkaczmarek\Anaconda3\envs\pycaret1\lib\site-packages\sklearn\model_selection\_validation.py", line 248, in cross_validate
    for train, test in cv.split(X, y, groups))
  File "C:\Users\jkaczmarek\Anaconda3\envs\pycaret1\lib\site-packages\joblib\parallel.py", line 1054, in __call__
    self.retrieve()
  File "C:\Users\jkaczmarek\Anaconda3\envs\pycaret1\lib\site-packages\joblib\parallel.py", line 933, in retrieve
    self._output.extend(job.get(timeout=self.timeout))
  File "C:\Users\jkaczmarek\Anaconda3\envs\pycaret1\lib\site-packages\joblib\_parallel_backends.py", line 542, in wrap_future_result
    return future.result(timeout=timeout)
  File "C:\Users\jkaczmarek\Anaconda3\envs\pycaret1\lib\concurrent\futures\_base.py", line 435, in result
    return self.__get_result()
  File "C:\Users\jkaczmarek\Anaconda3\envs\pycaret1\lib\concurrent\futures\_base.py", line 384, in __get_result
    raise self._exception
ValueError: Input contains NaN, infinity or a value too large for dtype('float64').

2022-02-11 16:52:30,572:INFO:Initializing K Neighbors Regressor
2022-02-11 16:52:30,572:INFO:Total runtime is 0.7206277211507162 minutes
2022-02-11 16:52:30,587:INFO:SubProcess create_model() called ==================================
2022-02-11 16:52:30,588:INFO:Initializing create_model()
2022-02-11 16:52:30,589:INFO:create_model(estimator=knn, fold=KFold(n_splits=10, random_state=None, shuffle=False), round=4, cross_validation=True, predict=True, fit_kwargs={}, groups=None, refit=False, verbose=False, system=False, metrics=None, add_to_model_list=True, probability_threshold=None, display=<pycaret.internal.Display.Display object at 0x000001ED0D71E848>, kwargs={})
2022-02-11 16:52:30,589:INFO:Checking exceptions
2022-02-11 16:52:30,589:INFO:Importing libraries
2022-02-11 16:52:30,589:INFO:Copying training dataset
2022-02-11 16:52:30,590:INFO:Defining folds
2022-02-11 16:52:30,591:INFO:Declaring metric variables
2022-02-11 16:52:30,606:INFO:Importing untrained model
2022-02-11 16:52:30,622:INFO:K Neighbors Regressor Imported succesfully
2022-02-11 16:52:30,651:INFO:Starting cross validation
2022-02-11 16:52:30,652:INFO:Cross validating with KFold(n_splits=10, random_state=None, shuffle=False), n_jobs=-1
2022-02-11 16:52:37,436:INFO:Calculating mean and std
2022-02-11 16:52:37,437:INFO:Creating metrics dataframe
2022-02-11 16:52:37,444:INFO:Uploading results into container
2022-02-11 16:52:37,445:INFO:Uploading model into container now
2022-02-11 16:52:37,445:INFO:create_model_container: 9
2022-02-11 16:52:37,445:INFO:master_model_container: 9
2022-02-11 16:52:37,445:INFO:display_container: 2
2022-02-11 16:52:37,447:INFO:PowerTransformedTargetRegressor(algorithm='auto', leaf_size=30,
                                metric='minkowski', metric_params=None,
                                n_jobs=-1, n_neighbors=5, p=2,
                                power_transformer_method='box-cox',
                                power_transformer_standardize=True,
                                regressor=KNeighborsRegressor(algorithm='auto',
                                                              leaf_size=30,
                                                              metric='minkowski',
                                                              metric_params=None,
                                                              n_jobs=-1,
                                                              n_neighbors=5,
                                                              p=2,
                                                              weights='uniform'),
                                weights='uniform')
2022-02-11 16:52:37,447:INFO:create_model() succesfully completed......................................
2022-02-11 16:52:37,568:INFO:SubProcess create_model() end ==================================
2022-02-11 16:52:37,568:INFO:Creating metrics dataframe
2022-02-11 16:52:37,599:INFO:Initializing Decision Tree Regressor
2022-02-11 16:52:37,599:INFO:Total runtime is 0.8377480189005534 minutes
2022-02-11 16:52:37,614:INFO:SubProcess create_model() called ==================================
2022-02-11 16:52:37,614:INFO:Initializing create_model()
2022-02-11 16:52:37,615:INFO:create_model(estimator=dt, fold=KFold(n_splits=10, random_state=None, shuffle=False), round=4, cross_validation=True, predict=True, fit_kwargs={}, groups=None, refit=False, verbose=False, system=False, metrics=None, add_to_model_list=True, probability_threshold=None, display=<pycaret.internal.Display.Display object at 0x000001ED0D71E848>, kwargs={})
2022-02-11 16:52:37,615:INFO:Checking exceptions
2022-02-11 16:52:37,615:INFO:Importing libraries
2022-02-11 16:52:37,615:INFO:Copying training dataset
2022-02-11 16:52:37,617:INFO:Defining folds
2022-02-11 16:52:37,620:INFO:Declaring metric variables
2022-02-11 16:52:37,633:INFO:Importing untrained model
2022-02-11 16:52:37,649:INFO:Decision Tree Regressor Imported succesfully
2022-02-11 16:52:37,680:INFO:Starting cross validation
2022-02-11 16:52:37,681:INFO:Cross validating with KFold(n_splits=10, random_state=None, shuffle=False), n_jobs=-1
2022-02-11 16:52:37,929:INFO:Calculating mean and std
2022-02-11 16:52:37,931:INFO:Creating metrics dataframe
2022-02-11 16:52:37,938:INFO:Uploading results into container
2022-02-11 16:52:37,938:INFO:Uploading model into container now
2022-02-11 16:52:37,938:INFO:create_model_container: 10
2022-02-11 16:52:37,939:INFO:master_model_container: 10
2022-02-11 16:52:37,939:INFO:display_container: 2
2022-02-11 16:52:37,942:INFO:PowerTransformedTargetRegressor(ccp_alpha=0.0, criterion='mse', max_depth=None,
                                max_features=None, max_leaf_nodes=None,
                                min_impurity_decrease=0.0,
                                min_impurity_split=None, min_samples_leaf=1,
                                min_samples_split=2,
                                min_weight_fraction_leaf=0.0,
                                power_transformer_method='box-cox',
                                power_transformer_standardize=True,
                                presort='deprecated', random_state=2509,
                                regressor=DecisionTreeRegressor(ccp_alpha=0.0,
                                                                criterion='mse',
                                                                max_depth=None,
                                                                max_features=None,
                                                                max_leaf_nodes=None,
                                                                min_impurity_decrease=0.0,
                                                                min_impurity_split=None,
                                                                min_samples_leaf=1,
                                                                min_samples_split=2,
                                                                min_weight_fraction_leaf=0.0,
                                                                presort='deprecated',
                                                                random_state=2509,
                                                                splitter='best'),
                                splitter='best')
2022-02-11 16:52:37,942:INFO:create_model() succesfully completed......................................
2022-02-11 16:52:38,067:INFO:SubProcess create_model() end ==================================
2022-02-11 16:52:38,067:INFO:Creating metrics dataframe
2022-02-11 16:52:38,099:INFO:Initializing Random Forest Regressor
2022-02-11 16:52:38,100:INFO:Total runtime is 0.8460757454236348 minutes
2022-02-11 16:52:38,115:INFO:SubProcess create_model() called ==================================
2022-02-11 16:52:38,115:INFO:Initializing create_model()
2022-02-11 16:52:38,115:INFO:create_model(estimator=rf, fold=KFold(n_splits=10, random_state=None, shuffle=False), round=4, cross_validation=True, predict=True, fit_kwargs={}, groups=None, refit=False, verbose=False, system=False, metrics=None, add_to_model_list=True, probability_threshold=None, display=<pycaret.internal.Display.Display object at 0x000001ED0D71E848>, kwargs={})
2022-02-11 16:52:38,116:INFO:Checking exceptions
2022-02-11 16:52:38,116:INFO:Importing libraries
2022-02-11 16:52:38,116:INFO:Copying training dataset
2022-02-11 16:52:38,118:INFO:Defining folds
2022-02-11 16:52:38,118:INFO:Declaring metric variables
2022-02-11 16:52:38,132:INFO:Importing untrained model
2022-02-11 16:52:38,147:INFO:Random Forest Regressor Imported succesfully
2022-02-11 16:52:38,178:INFO:Starting cross validation
2022-02-11 16:52:38,179:INFO:Cross validating with KFold(n_splits=10, random_state=None, shuffle=False), n_jobs=-1
2022-02-11 16:52:44,037:INFO:Calculating mean and std
2022-02-11 16:52:44,041:INFO:Creating metrics dataframe
2022-02-11 16:52:44,049:INFO:Uploading results into container
2022-02-11 16:52:44,049:INFO:Uploading model into container now
2022-02-11 16:52:44,050:INFO:create_model_container: 11
2022-02-11 16:52:44,050:INFO:master_model_container: 11
2022-02-11 16:52:44,050:INFO:display_container: 2
2022-02-11 16:52:44,054:INFO:PowerTransformedTargetRegressor(bootstrap=True, ccp_alpha=0.0, criterion='mse',
                                max_depth=None, max_features='auto',
                                max_leaf_nodes=None, max_samples=None,
                                min_impurity_decrease=0.0,
                                min_impurity_split=None, min_samples_leaf=1,
                                min_samples_split=2,
                                min_weight_fraction_leaf=0.0, n_estimators=100,
                                n_jobs=-1, oob_score=False,
                                power_transformer_method='box-cox',
                                power...
                                regressor=RandomForestRegressor(bootstrap=True,
                                                                ccp_alpha=0.0,
                                                                criterion='mse',
                                                                max_depth=None,
                                                                max_features='auto',
                                                                max_leaf_nodes=None,
                                                                max_samples=None,
                                                                min_impurity_decrease=0.0,
                                                                min_impurity_split=None,
                                                                min_samples_leaf=1,
                                                                min_samples_split=2,
                                                                min_weight_fraction_leaf=0.0,
                                                                n_estimators=100,
                                                                n_jobs=-1,
                                                                oob_score=False,
                                                                random_state=2509,
                                                                verbose=0,
                                                                warm_start=False),
                                verbose=0, warm_start=False)
2022-02-11 16:52:44,054:INFO:create_model() succesfully completed......................................
2022-02-11 16:52:44,191:INFO:SubProcess create_model() end ==================================
2022-02-11 16:52:44,191:INFO:Creating metrics dataframe
2022-02-11 16:52:44,228:INFO:Initializing Extra Trees Regressor
2022-02-11 16:52:44,229:INFO:Total runtime is 0.9482346336046854 minutes
2022-02-11 16:52:44,275:INFO:SubProcess create_model() called ==================================
2022-02-11 16:52:44,276:INFO:Initializing create_model()
2022-02-11 16:52:44,276:INFO:create_model(estimator=et, fold=KFold(n_splits=10, random_state=None, shuffle=False), round=4, cross_validation=True, predict=True, fit_kwargs={}, groups=None, refit=False, verbose=False, system=False, metrics=None, add_to_model_list=True, probability_threshold=None, display=<pycaret.internal.Display.Display object at 0x000001ED0D71E848>, kwargs={})
2022-02-11 16:52:44,276:INFO:Checking exceptions
2022-02-11 16:52:44,276:INFO:Importing libraries
2022-02-11 16:52:44,276:INFO:Copying training dataset
2022-02-11 16:52:44,278:INFO:Defining folds
2022-02-11 16:52:44,280:INFO:Declaring metric variables
2022-02-11 16:52:44,295:INFO:Importing untrained model
2022-02-11 16:52:44,322:INFO:Extra Trees Regressor Imported succesfully
2022-02-11 16:52:44,357:INFO:Starting cross validation
2022-02-11 16:52:44,362:INFO:Cross validating with KFold(n_splits=10, random_state=None, shuffle=False), n_jobs=-1
2022-02-11 16:52:51,248:INFO:Calculating mean and std
2022-02-11 16:52:51,250:INFO:Creating metrics dataframe
2022-02-11 16:52:51,259:INFO:Uploading results into container
2022-02-11 16:52:51,260:INFO:Uploading model into container now
2022-02-11 16:52:51,260:INFO:create_model_container: 12
2022-02-11 16:52:51,260:INFO:master_model_container: 12
2022-02-11 16:52:51,260:INFO:display_container: 2
2022-02-11 16:52:51,264:INFO:PowerTransformedTargetRegressor(bootstrap=False, ccp_alpha=0.0, criterion='mse',
                                max_depth=None, max_features='auto',
                                max_leaf_nodes=None, max_samples=None,
                                min_impurity_decrease=0.0,
                                min_impurity_split=None, min_samples_leaf=1,
                                min_samples_split=2,
                                min_weight_fraction_leaf=0.0, n_estimators=100,
                                n_jobs=-1, oob_score=False,
                                power_transformer_method='box-cox',
                                powe...
                                regressor=ExtraTreesRegressor(bootstrap=False,
                                                              ccp_alpha=0.0,
                                                              criterion='mse',
                                                              max_depth=None,
                                                              max_features='auto',
                                                              max_leaf_nodes=None,
                                                              max_samples=None,
                                                              min_impurity_decrease=0.0,
                                                              min_impurity_split=None,
                                                              min_samples_leaf=1,
                                                              min_samples_split=2,
                                                              min_weight_fraction_leaf=0.0,
                                                              n_estimators=100,
                                                              n_jobs=-1,
                                                              oob_score=False,
                                                              random_state=2509,
                                                              verbose=0,
                                                              warm_start=False),
                                verbose=0, warm_start=False)
2022-02-11 16:52:51,264:INFO:create_model() succesfully completed......................................
2022-02-11 16:52:51,405:INFO:SubProcess create_model() end ==================================
2022-02-11 16:52:51,405:INFO:Creating metrics dataframe
2022-02-11 16:52:51,437:INFO:Initializing AdaBoost Regressor
2022-02-11 16:52:51,437:INFO:Total runtime is 1.0683730324109395 minutes
2022-02-11 16:52:51,452:INFO:SubProcess create_model() called ==================================
2022-02-11 16:52:51,452:INFO:Initializing create_model()
2022-02-11 16:52:51,452:INFO:create_model(estimator=ada, fold=KFold(n_splits=10, random_state=None, shuffle=False), round=4, cross_validation=True, predict=True, fit_kwargs={}, groups=None, refit=False, verbose=False, system=False, metrics=None, add_to_model_list=True, probability_threshold=None, display=<pycaret.internal.Display.Display object at 0x000001ED0D71E848>, kwargs={})
2022-02-11 16:52:51,453:INFO:Checking exceptions
2022-02-11 16:52:51,453:INFO:Importing libraries
2022-02-11 16:52:51,454:INFO:Copying training dataset
2022-02-11 16:52:51,456:INFO:Defining folds
2022-02-11 16:52:51,456:INFO:Declaring metric variables
2022-02-11 16:52:51,469:INFO:Importing untrained model
2022-02-11 16:52:51,484:INFO:AdaBoost Regressor Imported succesfully
2022-02-11 16:52:51,513:INFO:Starting cross validation
2022-02-11 16:52:51,514:INFO:Cross validating with KFold(n_splits=10, random_state=None, shuffle=False), n_jobs=-1
2022-02-11 16:52:52,821:INFO:Calculating mean and std
2022-02-11 16:52:52,823:INFO:Creating metrics dataframe
2022-02-11 16:52:52,829:INFO:Uploading results into container
2022-02-11 16:52:52,829:INFO:Uploading model into container now
2022-02-11 16:52:52,830:INFO:create_model_container: 13
2022-02-11 16:52:52,830:INFO:master_model_container: 13
2022-02-11 16:52:52,830:INFO:display_container: 2
2022-02-11 16:52:52,832:INFO:PowerTransformedTargetRegressor(base_estimator=None, learning_rate=1.0,
                                loss='linear', n_estimators=50,
                                power_transformer_method='box-cox',
                                power_transformer_standardize=True,
                                random_state=2509,
                                regressor=AdaBoostRegressor(base_estimator=None,
                                                            learning_rate=1.0,
                                                            loss='linear',
                                                            n_estimators=50,
                                                            random_state=2509))
2022-02-11 16:52:52,832:INFO:create_model() succesfully completed......................................
2022-02-11 16:52:52,945:INFO:SubProcess create_model() end ==================================
2022-02-11 16:52:52,945:INFO:Creating metrics dataframe
2022-02-11 16:52:52,977:INFO:Initializing Gradient Boosting Regressor
2022-02-11 16:52:52,977:INFO:Total runtime is 1.0940403779347738 minutes
2022-02-11 16:52:52,992:INFO:SubProcess create_model() called ==================================
2022-02-11 16:52:52,993:INFO:Initializing create_model()
2022-02-11 16:52:52,993:INFO:create_model(estimator=gbr, fold=KFold(n_splits=10, random_state=None, shuffle=False), round=4, cross_validation=True, predict=True, fit_kwargs={}, groups=None, refit=False, verbose=False, system=False, metrics=None, add_to_model_list=True, probability_threshold=None, display=<pycaret.internal.Display.Display object at 0x000001ED0D71E848>, kwargs={})
2022-02-11 16:52:52,993:INFO:Checking exceptions
2022-02-11 16:52:52,993:INFO:Importing libraries
2022-02-11 16:52:52,993:INFO:Copying training dataset
2022-02-11 16:52:52,995:INFO:Defining folds
2022-02-11 16:52:52,995:INFO:Declaring metric variables
2022-02-11 16:52:53,009:INFO:Importing untrained model
2022-02-11 16:52:53,024:INFO:Gradient Boosting Regressor Imported succesfully
2022-02-11 16:52:53,053:INFO:Starting cross validation
2022-02-11 16:52:53,054:INFO:Cross validating with KFold(n_splits=10, random_state=None, shuffle=False), n_jobs=-1
2022-02-11 16:52:55,191:INFO:Calculating mean and std
2022-02-11 16:52:55,193:INFO:Creating metrics dataframe
2022-02-11 16:52:55,199:INFO:Uploading results into container
2022-02-11 16:52:55,199:INFO:Uploading model into container now
2022-02-11 16:52:55,200:INFO:create_model_container: 14
2022-02-11 16:52:55,200:INFO:master_model_container: 14
2022-02-11 16:52:55,200:INFO:display_container: 2
2022-02-11 16:52:55,205:INFO:PowerTransformedTargetRegressor(alpha=0.9, ccp_alpha=0.0,
                                criterion='friedman_mse', init=None,
                                learning_rate=0.1, loss='ls', max_depth=3,
                                max_features=None, max_leaf_nodes=None,
                                min_impurity_decrease=0.0,
                                min_impurity_split=None, min_samples_leaf=1,
                                min_samples_split=2,
                                min_weight_fraction_leaf=0.0, n_estimators=100,
                                n_iter_no_change=None,
                                power_transformer_method...
                                                                    max_leaf_nodes=None,
                                                                    min_impurity_decrease=0.0,
                                                                    min_impurity_split=None,
                                                                    min_samples_leaf=1,
                                                                    min_samples_split=2,
                                                                    min_weight_fraction_leaf=0.0,
                                                                    n_estimators=100,
                                                                    n_iter_no_change=None,
                                                                    presort='deprecated',
                                                                    random_state=2509,
                                                                    subsample=1.0,
                                                                    tol=0.0001,
                                                                    validation_fraction=0.1,
                                                                    verbose=0,
                                                                    warm_start=False),
                                subsample=1.0, tol=0.0001,
                                validation_fraction=0.1, verbose=0,
                                warm_start=False)
2022-02-11 16:52:55,212:INFO:create_model() succesfully completed......................................
2022-02-11 16:52:55,329:INFO:SubProcess create_model() end ==================================
2022-02-11 16:52:55,329:INFO:Creating metrics dataframe
2022-02-11 16:52:55,361:INFO:Initializing Light Gradient Boosting Machine
2022-02-11 16:52:55,361:INFO:Total runtime is 1.1337800343831381 minutes
2022-02-11 16:52:55,376:INFO:SubProcess create_model() called ==================================
2022-02-11 16:52:55,376:INFO:Initializing create_model()
2022-02-11 16:52:55,377:INFO:create_model(estimator=lightgbm, fold=KFold(n_splits=10, random_state=None, shuffle=False), round=4, cross_validation=True, predict=True, fit_kwargs={}, groups=None, refit=False, verbose=False, system=False, metrics=None, add_to_model_list=True, probability_threshold=None, display=<pycaret.internal.Display.Display object at 0x000001ED0D71E848>, kwargs={})
2022-02-11 16:52:55,377:INFO:Checking exceptions
2022-02-11 16:52:55,377:INFO:Importing libraries
2022-02-11 16:52:55,378:INFO:Copying training dataset
2022-02-11 16:52:55,379:INFO:Defining folds
2022-02-11 16:52:55,380:INFO:Declaring metric variables
2022-02-11 16:52:55,393:INFO:Importing untrained model
2022-02-11 16:52:55,409:INFO:Light Gradient Boosting Machine Imported succesfully
2022-02-11 16:52:55,438:INFO:Starting cross validation
2022-02-11 16:52:55,439:INFO:Cross validating with KFold(n_splits=10, random_state=None, shuffle=False), n_jobs=-1
2022-02-11 16:52:56,023:INFO:Calculating mean and std
2022-02-11 16:52:56,024:INFO:Creating metrics dataframe
2022-02-11 16:52:56,031:INFO:Uploading results into container
2022-02-11 16:52:56,031:INFO:Uploading model into container now
2022-02-11 16:52:56,031:INFO:create_model_container: 15
2022-02-11 16:52:56,032:INFO:master_model_container: 15
2022-02-11 16:52:56,032:INFO:display_container: 2
2022-02-11 16:52:56,035:INFO:PowerTransformedTargetRegressor(boosting_type='gbdt', class_weight=None,
                                colsample_bytree=1.0, importance_type='split',
                                learning_rate=0.1, max_depth=-1,
                                min_child_samples=20, min_child_weight=0.001,
                                min_split_gain=0.0, n_estimators=100, n_jobs=-1,
                                num_leaves=31, objective=None,
                                power_transformer_method='box-cox',
                                power_transformer_standardize=True,
                                random_state=2...
                                                        importance_type='split',
                                                        learning_rate=0.1,
                                                        max_depth=-1,
                                                        min_child_samples=20,
                                                        min_child_weight=0.001,
                                                        min_split_gain=0.0,
                                                        n_estimators=100,
                                                        n_jobs=-1,
                                                        num_leaves=31,
                                                        objective=None,
                                                        random_state=2509,
                                                        reg_alpha=0.0,
                                                        reg_lambda=0.0,
                                                        silent='warn',
                                                        subsample=1.0,
                                                        subsample_for_bin=200000,
                                                        subsample_freq=0),
                                silent='warn', subsample=1.0,
                                subsample_for_bin=200000, subsample_freq=0)
2022-02-11 16:52:56,035:INFO:create_model() succesfully completed......................................
2022-02-11 16:52:56,149:INFO:SubProcess create_model() end ==================================
2022-02-11 16:52:56,149:INFO:Creating metrics dataframe
2022-02-11 16:52:56,182:INFO:Initializing Dummy Regressor
2022-02-11 16:52:56,182:INFO:Total runtime is 1.1474505186080934 minutes
2022-02-11 16:52:56,198:INFO:SubProcess create_model() called ==================================
2022-02-11 16:52:56,198:INFO:Initializing create_model()
2022-02-11 16:52:56,198:INFO:create_model(estimator=dummy, fold=KFold(n_splits=10, random_state=None, shuffle=False), round=4, cross_validation=True, predict=True, fit_kwargs={}, groups=None, refit=False, verbose=False, system=False, metrics=None, add_to_model_list=True, probability_threshold=None, display=<pycaret.internal.Display.Display object at 0x000001ED0D71E848>, kwargs={})
2022-02-11 16:52:56,199:INFO:Checking exceptions
2022-02-11 16:52:56,199:INFO:Importing libraries
2022-02-11 16:52:56,199:INFO:Copying training dataset
2022-02-11 16:52:56,202:INFO:Defining folds
2022-02-11 16:52:56,202:INFO:Declaring metric variables
2022-02-11 16:52:56,215:INFO:Importing untrained model
2022-02-11 16:52:56,230:INFO:Dummy Regressor Imported succesfully
2022-02-11 16:52:56,259:INFO:Starting cross validation
2022-02-11 16:52:56,260:INFO:Cross validating with KFold(n_splits=10, random_state=None, shuffle=False), n_jobs=-1
2022-02-11 16:52:56,399:INFO:Calculating mean and std
2022-02-11 16:52:56,401:INFO:Creating metrics dataframe
2022-02-11 16:52:56,407:INFO:Uploading results into container
2022-02-11 16:52:56,407:INFO:Uploading model into container now
2022-02-11 16:52:56,408:INFO:create_model_container: 16
2022-02-11 16:52:56,408:INFO:master_model_container: 16
2022-02-11 16:52:56,408:INFO:display_container: 2
2022-02-11 16:52:56,409:INFO:PowerTransformedTargetRegressor(constant=None,
                                power_transformer_method='box-cox',
                                power_transformer_standardize=True,
                                quantile=None,
                                regressor=DummyRegressor(constant=None,
                                                         quantile=None,
                                                         strategy='mean'),
                                strategy='mean')
2022-02-11 16:52:56,409:INFO:create_model() succesfully completed......................................
2022-02-11 16:52:56,524:INFO:SubProcess create_model() end ==================================
2022-02-11 16:52:56,524:INFO:Creating metrics dataframe
2022-02-11 16:52:56,604:INFO:Initializing create_model()
2022-02-11 16:52:56,604:INFO:create_model(estimator=PowerTransformedTargetRegressor(alpha=0.9, ccp_alpha=0.0,
                                criterion='friedman_mse', init=None,
                                learning_rate=0.1, loss='ls', max_depth=3,
                                max_features=None, max_leaf_nodes=None,
                                min_impurity_decrease=0.0,
                                min_impurity_split=None, min_samples_leaf=1,
                                min_samples_split=2,
                                min_weight_fraction_leaf=0.0, n_estimators=100,
                                n_iter_no_change=None,
                                power_transformer_method...
                                                                    max_leaf_nodes=None,
                                                                    min_impurity_decrease=0.0,
                                                                    min_impurity_split=None,
                                                                    min_samples_leaf=1,
                                                                    min_samples_split=2,
                                                                    min_weight_fraction_leaf=0.0,
                                                                    n_estimators=100,
                                                                    n_iter_no_change=None,
                                                                    presort='deprecated',
                                                                    random_state=2509,
                                                                    subsample=1.0,
                                                                    tol=0.0001,
                                                                    validation_fraction=0.1,
                                                                    verbose=0,
                                                                    warm_start=False),
                                subsample=1.0, tol=0.0001,
                                validation_fraction=0.1, verbose=0,
                                warm_start=False), fold=KFold(n_splits=10, random_state=None, shuffle=False), round=4, cross_validation=False, predict=False, fit_kwargs={}, groups=None, refit=True, verbose=False, system=False, metrics=None, add_to_model_list=True, probability_threshold=None, display=None, kwargs={})
2022-02-11 16:52:56,604:INFO:Checking exceptions
2022-02-11 16:52:56,605:INFO:Importing libraries
2022-02-11 16:52:56,605:INFO:Copying training dataset
2022-02-11 16:52:56,605:INFO:Defining folds
2022-02-11 16:52:56,605:INFO:Declaring metric variables
2022-02-11 16:52:56,606:INFO:Importing untrained model
2022-02-11 16:52:56,606:INFO:Declaring custom model
2022-02-11 16:52:56,609:INFO:Gradient Boosting Regressor Imported succesfully
2022-02-11 16:52:56,609:INFO:Cross validation set to False
2022-02-11 16:52:56,609:INFO:Fitting Model
2022-02-11 16:52:57,544:INFO:PowerTransformedTargetRegressor(alpha=0.9, ccp_alpha=0.0,
                                criterion='friedman_mse', init=None,
                                learning_rate=0.1, loss='ls', max_depth=3,
                                max_features=None, max_leaf_nodes=None,
                                min_impurity_decrease=0.0,
                                min_impurity_split=None, min_samples_leaf=1,
                                min_samples_split=2,
                                min_weight_fraction_leaf=0.0, n_estimators=100,
                                n_iter_no_change=None,
                                power_transformer_method...
                                                                    max_leaf_nodes=None,
                                                                    min_impurity_decrease=0.0,
                                                                    min_impurity_split=None,
                                                                    min_samples_leaf=1,
                                                                    min_samples_split=2,
                                                                    min_weight_fraction_leaf=0.0,
                                                                    n_estimators=100,
                                                                    n_iter_no_change=None,
                                                                    presort='deprecated',
                                                                    random_state=2509,
                                                                    subsample=1.0,
                                                                    tol=0.0001,
                                                                    validation_fraction=0.1,
                                                                    verbose=0,
                                                                    warm_start=False),
                                subsample=1.0, tol=0.0001,
                                validation_fraction=0.1, verbose=0,
                                warm_start=False)
2022-02-11 16:52:57,545:INFO:create_models() succesfully completed......................................
2022-02-11 16:52:57,674:INFO:Creating MLFlow logs
2022-02-11 16:52:57,695:INFO:Model: Gradient Boosting Regressor
2022-02-11 16:52:57,752:INFO:logged params: {'alpha': 0.9, 'ccp_alpha': 0.0, 'criterion': 'friedman_mse', 'init': None, 'learning_rate': 0.1, 'loss': 'ls', 'max_depth': 3, 'max_features': None, 'max_leaf_nodes': None, 'min_impurity_decrease': 0.0, 'min_impurity_split': None, 'min_samples_leaf': 1, 'min_samples_split': 2, 'min_weight_fraction_leaf': 0.0, 'n_estimators': 100, 'n_iter_no_change': None, 'presort': 'deprecated', 'random_state': 2509, 'subsample': 1.0, 'tol': 0.0001, 'validation_fraction': 0.1, 'verbose': 0, 'warm_start': False}
2022-02-11 16:52:57,876:INFO:Initializing predict_model()
2022-02-11 16:52:57,876:INFO:predict_model(estimator=PowerTransformedTargetRegressor(alpha=0.9, ccp_alpha=0.0,
                                criterion='friedman_mse', init=None,
                                learning_rate=0.1, loss='ls', max_depth=3,
                                max_features=None, max_leaf_nodes=None,
                                min_impurity_decrease=0.0,
                                min_impurity_split=None, min_samples_leaf=1,
                                min_samples_split=2,
                                min_weight_fraction_leaf=0.0, n_estimators=100,
                                n_iter_no_change=None,
                                power_transformer_method...
                                                                    max_leaf_nodes=None,
                                                                    min_impurity_decrease=0.0,
                                                                    min_impurity_split=None,
                                                                    min_samples_leaf=1,
                                                                    min_samples_split=2,
                                                                    min_weight_fraction_leaf=0.0,
                                                                    n_estimators=100,
                                                                    n_iter_no_change=None,
                                                                    presort='deprecated',
                                                                    random_state=2509,
                                                                    subsample=1.0,
                                                                    tol=0.0001,
                                                                    validation_fraction=0.1,
                                                                    verbose=0,
                                                                    warm_start=False),
                                subsample=1.0, tol=0.0001,
                                validation_fraction=0.1, verbose=0,
                                warm_start=False), probability_threshold=None, encoded_labels=False, drift_report=False, raw_score=False, round=4, verbose=False, ml_usecase=None, display=None)
2022-02-11 16:52:57,876:INFO:Checking exceptions
2022-02-11 16:52:57,877:INFO:Preloading libraries
2022-02-11 16:52:58,268:INFO:Creating MLFlow logs
2022-02-11 16:52:58,288:INFO:Model: Extra Trees Regressor
2022-02-11 16:52:58,341:WARNING:Couldn't get params for model. Exception:
2022-02-11 16:52:58,341:WARNING:Traceback (most recent call last):
  File "C:\Users\jkaczmarek\Anaconda3\envs\pycaret1\lib\site-packages\pycaret\internal\tabular.py", line 10916, in _mlflow_log_model
    params = params.get_all_params()
AttributeError: 'NoneType' object has no attribute 'get_all_params'

During handling of the above exception, another exception occurred:

Traceback (most recent call last):
  File "C:\Users\jkaczmarek\Anaconda3\envs\pycaret1\lib\site-packages\pycaret\internal\tabular.py", line 10918, in _mlflow_log_model
    params = params.get_params()
AttributeError: 'NoneType' object has no attribute 'get_params'

2022-02-11 16:52:58,341:INFO:logged params: {}
2022-02-11 16:52:58,586:INFO:Creating MLFlow logs
2022-02-11 16:52:58,604:INFO:Model: Random Forest Regressor
2022-02-11 16:52:58,665:WARNING:Couldn't get params for model. Exception:
2022-02-11 16:52:58,666:WARNING:Traceback (most recent call last):
  File "C:\Users\jkaczmarek\Anaconda3\envs\pycaret1\lib\site-packages\pycaret\internal\tabular.py", line 10916, in _mlflow_log_model
    params = params.get_all_params()
AttributeError: 'NoneType' object has no attribute 'get_all_params'

During handling of the above exception, another exception occurred:

Traceback (most recent call last):
  File "C:\Users\jkaczmarek\Anaconda3\envs\pycaret1\lib\site-packages\pycaret\internal\tabular.py", line 10918, in _mlflow_log_model
    params = params.get_params()
AttributeError: 'NoneType' object has no attribute 'get_params'

2022-02-11 16:52:58,666:INFO:logged params: {}
2022-02-11 16:52:58,946:INFO:Creating MLFlow logs
2022-02-11 16:52:58,995:INFO:Model: Decision Tree Regressor
2022-02-11 16:52:59,073:WARNING:Couldn't get params for model. Exception:
2022-02-11 16:52:59,074:WARNING:Traceback (most recent call last):
  File "C:\Users\jkaczmarek\Anaconda3\envs\pycaret1\lib\site-packages\pycaret\internal\tabular.py", line 10916, in _mlflow_log_model
    params = params.get_all_params()
AttributeError: 'NoneType' object has no attribute 'get_all_params'

During handling of the above exception, another exception occurred:

Traceback (most recent call last):
  File "C:\Users\jkaczmarek\Anaconda3\envs\pycaret1\lib\site-packages\pycaret\internal\tabular.py", line 10918, in _mlflow_log_model
    params = params.get_params()
AttributeError: 'NoneType' object has no attribute 'get_params'

2022-02-11 16:52:59,074:INFO:logged params: {}
2022-02-11 16:52:59,318:INFO:Creating MLFlow logs
2022-02-11 16:52:59,341:INFO:Model: Light Gradient Boosting Machine
2022-02-11 16:52:59,498:WARNING:Couldn't get params for model. Exception:
2022-02-11 16:52:59,499:WARNING:Traceback (most recent call last):
  File "C:\Users\jkaczmarek\Anaconda3\envs\pycaret1\lib\site-packages\pycaret\internal\tabular.py", line 10916, in _mlflow_log_model
    params = params.get_all_params()
AttributeError: 'NoneType' object has no attribute 'get_all_params'

During handling of the above exception, another exception occurred:

Traceback (most recent call last):
  File "C:\Users\jkaczmarek\Anaconda3\envs\pycaret1\lib\site-packages\pycaret\internal\tabular.py", line 10918, in _mlflow_log_model
    params = params.get_params()
AttributeError: 'NoneType' object has no attribute 'get_params'

2022-02-11 16:52:59,499:INFO:logged params: {}
2022-02-11 16:52:59,875:INFO:Creating MLFlow logs
2022-02-11 16:52:59,894:INFO:Model: PowerTransformedTargetRegressor
2022-02-11 16:52:59,953:WARNING:Couldn't get params for model. Exception:
2022-02-11 16:52:59,954:WARNING:Traceback (most recent call last):
  File "C:\Users\jkaczmarek\Anaconda3\envs\pycaret1\lib\site-packages\pycaret\internal\tabular.py", line 10916, in _mlflow_log_model
    params = params.get_all_params()
AttributeError: 'NoneType' object has no attribute 'get_all_params'

During handling of the above exception, another exception occurred:

Traceback (most recent call last):
  File "C:\Users\jkaczmarek\Anaconda3\envs\pycaret1\lib\site-packages\pycaret\internal\tabular.py", line 10918, in _mlflow_log_model
    params = params.get_params()
AttributeError: 'NoneType' object has no attribute 'get_params'

2022-02-11 16:52:59,954:INFO:logged params: {}
2022-02-11 16:53:00,257:INFO:Creating MLFlow logs
2022-02-11 16:53:00,280:INFO:Model: K Neighbors Regressor
2022-02-11 16:53:00,390:WARNING:Couldn't get params for model. Exception:
2022-02-11 16:53:00,391:WARNING:Traceback (most recent call last):
  File "C:\Users\jkaczmarek\Anaconda3\envs\pycaret1\lib\site-packages\pycaret\internal\tabular.py", line 10916, in _mlflow_log_model
    params = params.get_all_params()
AttributeError: 'NoneType' object has no attribute 'get_all_params'

During handling of the above exception, another exception occurred:

Traceback (most recent call last):
  File "C:\Users\jkaczmarek\Anaconda3\envs\pycaret1\lib\site-packages\pycaret\internal\tabular.py", line 10918, in _mlflow_log_model
    params = params.get_params()
AttributeError: 'NoneType' object has no attribute 'get_params'

2022-02-11 16:53:00,391:INFO:logged params: {}
2022-02-11 16:53:00,647:INFO:Creating MLFlow logs
2022-02-11 16:53:00,667:INFO:Model: Bayesian Ridge
2022-02-11 16:53:00,766:WARNING:Couldn't get params for model. Exception:
2022-02-11 16:53:00,767:WARNING:Traceback (most recent call last):
  File "C:\Users\jkaczmarek\Anaconda3\envs\pycaret1\lib\site-packages\pycaret\internal\tabular.py", line 10916, in _mlflow_log_model
    params = params.get_all_params()
AttributeError: 'NoneType' object has no attribute 'get_all_params'

During handling of the above exception, another exception occurred:

Traceback (most recent call last):
  File "C:\Users\jkaczmarek\Anaconda3\envs\pycaret1\lib\site-packages\pycaret\internal\tabular.py", line 10918, in _mlflow_log_model
    params = params.get_params()
AttributeError: 'NoneType' object has no attribute 'get_params'

2022-02-11 16:53:00,768:INFO:logged params: {}
2022-02-11 16:53:01,009:INFO:Creating MLFlow logs
2022-02-11 16:53:01,029:INFO:Model: Linear Regression
2022-02-11 16:53:01,090:WARNING:Couldn't get params for model. Exception:
2022-02-11 16:53:01,090:WARNING:Traceback (most recent call last):
  File "C:\Users\jkaczmarek\Anaconda3\envs\pycaret1\lib\site-packages\pycaret\internal\tabular.py", line 10916, in _mlflow_log_model
    params = params.get_all_params()
AttributeError: 'NoneType' object has no attribute 'get_all_params'

During handling of the above exception, another exception occurred:

Traceback (most recent call last):
  File "C:\Users\jkaczmarek\Anaconda3\envs\pycaret1\lib\site-packages\pycaret\internal\tabular.py", line 10918, in _mlflow_log_model
    params = params.get_params()
AttributeError: 'NoneType' object has no attribute 'get_params'

2022-02-11 16:53:01,090:INFO:logged params: {}
2022-02-11 16:53:01,373:INFO:Creating MLFlow logs
2022-02-11 16:53:01,397:INFO:Model: Ridge Regression
2022-02-11 16:53:01,454:WARNING:Couldn't get params for model. Exception:
2022-02-11 16:53:01,455:WARNING:Traceback (most recent call last):
  File "C:\Users\jkaczmarek\Anaconda3\envs\pycaret1\lib\site-packages\pycaret\internal\tabular.py", line 10916, in _mlflow_log_model
    params = params.get_all_params()
AttributeError: 'NoneType' object has no attribute 'get_all_params'

During handling of the above exception, another exception occurred:

Traceback (most recent call last):
  File "C:\Users\jkaczmarek\Anaconda3\envs\pycaret1\lib\site-packages\pycaret\internal\tabular.py", line 10918, in _mlflow_log_model
    params = params.get_params()
AttributeError: 'NoneType' object has no attribute 'get_params'

2022-02-11 16:53:01,455:INFO:logged params: {}
2022-02-11 16:53:01,708:INFO:Creating MLFlow logs
2022-02-11 16:53:01,752:INFO:Model: Elastic Net
2022-02-11 16:53:01,841:WARNING:Couldn't get params for model. Exception:
2022-02-11 16:53:01,842:WARNING:Traceback (most recent call last):
  File "C:\Users\jkaczmarek\Anaconda3\envs\pycaret1\lib\site-packages\pycaret\internal\tabular.py", line 10916, in _mlflow_log_model
    params = params.get_all_params()
AttributeError: 'NoneType' object has no attribute 'get_all_params'

During handling of the above exception, another exception occurred:

Traceback (most recent call last):
  File "C:\Users\jkaczmarek\Anaconda3\envs\pycaret1\lib\site-packages\pycaret\internal\tabular.py", line 10918, in _mlflow_log_model
    params = params.get_params()
AttributeError: 'NoneType' object has no attribute 'get_params'

2022-02-11 16:53:01,842:INFO:logged params: {}
2022-02-11 16:53:02,094:INFO:Creating MLFlow logs
2022-02-11 16:53:02,146:INFO:Model: Lasso Regression
2022-02-11 16:53:02,203:WARNING:Couldn't get params for model. Exception:
2022-02-11 16:53:02,203:WARNING:Traceback (most recent call last):
  File "C:\Users\jkaczmarek\Anaconda3\envs\pycaret1\lib\site-packages\pycaret\internal\tabular.py", line 10916, in _mlflow_log_model
    params = params.get_all_params()
AttributeError: 'NoneType' object has no attribute 'get_all_params'

During handling of the above exception, another exception occurred:

Traceback (most recent call last):
  File "C:\Users\jkaczmarek\Anaconda3\envs\pycaret1\lib\site-packages\pycaret\internal\tabular.py", line 10918, in _mlflow_log_model
    params = params.get_params()
AttributeError: 'NoneType' object has no attribute 'get_params'

2022-02-11 16:53:02,204:INFO:logged params: {}
2022-02-11 16:53:02,543:INFO:Creating MLFlow logs
2022-02-11 16:53:02,563:INFO:Model: Least Angle Regression
2022-02-11 16:53:02,614:WARNING:Couldn't get params for model. Exception:
2022-02-11 16:53:02,614:WARNING:Traceback (most recent call last):
  File "C:\Users\jkaczmarek\Anaconda3\envs\pycaret1\lib\site-packages\pycaret\internal\tabular.py", line 10916, in _mlflow_log_model
    params = params.get_all_params()
AttributeError: 'NoneType' object has no attribute 'get_all_params'

During handling of the above exception, another exception occurred:

Traceback (most recent call last):
  File "C:\Users\jkaczmarek\Anaconda3\envs\pycaret1\lib\site-packages\pycaret\internal\tabular.py", line 10918, in _mlflow_log_model
    params = params.get_params()
AttributeError: 'NoneType' object has no attribute 'get_params'

2022-02-11 16:53:02,615:INFO:logged params: {}
2022-02-11 16:53:02,928:INFO:Creating MLFlow logs
2022-02-11 16:53:02,948:INFO:Model: Dummy Regressor
2022-02-11 16:53:03,036:WARNING:Couldn't get params for model. Exception:
2022-02-11 16:53:03,037:WARNING:Traceback (most recent call last):
  File "C:\Users\jkaczmarek\Anaconda3\envs\pycaret1\lib\site-packages\pycaret\internal\tabular.py", line 10916, in _mlflow_log_model
    params = params.get_all_params()
AttributeError: 'NoneType' object has no attribute 'get_all_params'

During handling of the above exception, another exception occurred:

Traceback (most recent call last):
  File "C:\Users\jkaczmarek\Anaconda3\envs\pycaret1\lib\site-packages\pycaret\internal\tabular.py", line 10918, in _mlflow_log_model
    params = params.get_params()
AttributeError: 'NoneType' object has no attribute 'get_params'

2022-02-11 16:53:03,037:INFO:logged params: {}
2022-02-11 16:53:03,277:INFO:Creating MLFlow logs
2022-02-11 16:53:03,297:INFO:Model: Orthogonal Matching Pursuit
2022-02-11 16:53:03,399:WARNING:Couldn't get params for model. Exception:
2022-02-11 16:53:03,400:WARNING:Traceback (most recent call last):
  File "C:\Users\jkaczmarek\Anaconda3\envs\pycaret1\lib\site-packages\pycaret\internal\tabular.py", line 10916, in _mlflow_log_model
    params = params.get_all_params()
AttributeError: 'NoneType' object has no attribute 'get_all_params'

During handling of the above exception, another exception occurred:

Traceback (most recent call last):
  File "C:\Users\jkaczmarek\Anaconda3\envs\pycaret1\lib\site-packages\pycaret\internal\tabular.py", line 10918, in _mlflow_log_model
    params = params.get_params()
AttributeError: 'NoneType' object has no attribute 'get_params'

2022-02-11 16:53:03,400:INFO:logged params: {}
2022-02-11 16:53:03,647:INFO:Creating MLFlow logs
2022-02-11 16:53:03,665:INFO:Model: Passive Aggressive Regressor
2022-02-11 16:53:03,718:WARNING:Couldn't get params for model. Exception:
2022-02-11 16:53:03,718:WARNING:Traceback (most recent call last):
  File "C:\Users\jkaczmarek\Anaconda3\envs\pycaret1\lib\site-packages\pycaret\internal\tabular.py", line 10916, in _mlflow_log_model
    params = params.get_all_params()
AttributeError: 'NoneType' object has no attribute 'get_all_params'

During handling of the above exception, another exception occurred:

Traceback (most recent call last):
  File "C:\Users\jkaczmarek\Anaconda3\envs\pycaret1\lib\site-packages\pycaret\internal\tabular.py", line 10918, in _mlflow_log_model
    params = params.get_params()
AttributeError: 'NoneType' object has no attribute 'get_params'

2022-02-11 16:53:03,719:INFO:logged params: {}
2022-02-11 16:53:04,073:INFO:create_model_container: 16
2022-02-11 16:53:04,073:INFO:master_model_container: 16
2022-02-11 16:53:04,073:INFO:display_container: 2
2022-02-11 16:53:04,077:INFO:PowerTransformedTargetRegressor(alpha=0.9, ccp_alpha=0.0,
                                criterion='friedman_mse', init=None,
                                learning_rate=0.1, loss='ls', max_depth=3,
                                max_features=None, max_leaf_nodes=None,
                                min_impurity_decrease=0.0,
                                min_impurity_split=None, min_samples_leaf=1,
                                min_samples_split=2,
                                min_weight_fraction_leaf=0.0, n_estimators=100,
                                n_iter_no_change=None,
                                power_transformer_method...
                                                                    max_leaf_nodes=None,
                                                                    min_impurity_decrease=0.0,
                                                                    min_impurity_split=None,
                                                                    min_samples_leaf=1,
                                                                    min_samples_split=2,
                                                                    min_weight_fraction_leaf=0.0,
                                                                    n_estimators=100,
                                                                    n_iter_no_change=None,
                                                                    presort='deprecated',
                                                                    random_state=2509,
                                                                    subsample=1.0,
                                                                    tol=0.0001,
                                                                    validation_fraction=0.1,
                                                                    verbose=0,
                                                                    warm_start=False),
                                subsample=1.0, tol=0.0001,
                                validation_fraction=0.1, verbose=0,
                                warm_start=False)
2022-02-11 16:53:04,077:INFO:compare_models() succesfully completed......................................
